<?xml version="1.0" encoding="utf-8"?><testsuites name="pytest tests"><testsuite name="pytest" errors="0" failures="0" skipped="0" tests="364" time="96.102" timestamp="2026-09-24T08:41:28.183431+08:00" hostname="WHHHH"><testcase classname="tests.integration.aftersales.test_http_endpoints" name="test_apply_then_read_back_through_the_frozen_paths" time="3.607" /><testcase classname="tests.integration.aftersales.test_http_endpoints" name="test_apply_without_the_idempotency_header_is_the_frozen_code" time="1.715" /><testcase classname="tests.integration.aftersales.test_http_endpoints" name="test_a_retried_apply_with_the_same_key_returns_the_same_claim" time="1.180" /><testcase classname="tests.integration.aftersales.test_http_endpoints" name="test_a_claim_can_be_cancelled_by_its_owner_only" time="1.312" /><testcase classname="tests.integration.aftersales.test_http_endpoints" name="test_the_console_queue_and_decision_paths" time="1.884" /><testcase classname="tests.integration.aftersales.test_http_endpoints" name="test_reject_requires_a_reason_and_is_terminal" time="1.639" /><testcase classname="tests.integration.aftersales.test_http_endpoints" name="test_refund_requires_both_idempotency_keys_to_agree" time="2.081" /><testcase classname="tests.integration.aftersales.test_http_endpoints" name="test_refund_through_http_writes_the_record_and_is_idempotent" time="1.138" /><testcase classname="tests.integration.aftersales.test_http_endpoints" name="test_refund_above_the_approved_amount_is_refused_over_http" time="0.954" /><testcase classname="tests.integration.aftersales.test_http_endpoints" name="test_a_consumer_token_cannot_reach_the_console" time="0.734" /><testcase classname="tests.integration.aftersales.test_refund_workflow" name="test_two_partial_refunds_reach_exactly_paid_and_a_third_is_refused" time="0.689" /><testcase classname="tests.integration.aftersales.test_refund_workflow" name="test_the_order_status_axis_is_never_touched_by_a_refund" time="0.499" /><testcase classname="tests.integration.aftersales.test_refund_workflow" name="test_a_claim_never_writes_the_order_after_sale_axis" time="0.347" /><testcase classname="tests.integration.aftersales.test_refund_workflow" name="test_cap_one_is_a_backstop_because_cap_two_implies_it" time="0.405" /><testcase classname="tests.integration.aftersales.test_refund_workflow" name="test_cap_one_and_cap_two_are_distinguishable_by_code" time="0.458" /><testcase classname="tests.integration.aftersales.test_refund_workflow" name="test_cap_two_refuses_a_line_that_is_already_fully_refunded" time="0.458" /><testcase classname="tests.integration.aftersales.test_refund_workflow" name="test_cap_two_is_enforced_at_the_money_step_for_a_stale_claim" time="0.453" /><testcase classname="tests.integration.aftersales.test_refund_workflow" name="test_line_counters_partition_each_refund_exactly" time="0.378" /><testcase classname="tests.integration.aftersales.test_refund_workflow" name="test_a_line_cannot_exceed_its_payable_even_within_the_orders_total" time="0.388" /><testcase classname="tests.integration.aftersales.test_refund_workflow" name="test_payment_chk_refuses_a_refund_past_paid_at_the_database" time="0.320" /><testcase classname="tests.integration.aftersales.test_refund_workflow" name="test_order_chk_refuses_a_refund_past_paid_at_the_database" time="0.304" /><testcase classname="tests.integration.aftersales.test_refund_workflow" name="test_order_item_chk_refuses_a_refund_past_payable_at_the_database" time="0.346" /><testcase classname="tests.integration.aftersales.test_refund_workflow" name="test_return_refund_credits_stock_and_refund_only_does_not" time="0.479" /><testcase classname="tests.integration.aftersales.test_refund_workflow" name="test_the_return_in_key_is_deterministic_across_a_replayed_refund" time="0.476" /><testcase classname="tests.integration.aftersales.test_refund_workflow" name="test_the_same_key_with_a_different_amount_is_refused" time="0.506" /><testcase classname="tests.integration.aftersales.test_refund_workflow" name="test_a_pending_claim_cannot_be_refunded" time="0.392" /><testcase classname="tests.integration.aftersales.test_refund_workflow" name="test_a_rejected_claim_cannot_be_refunded" time="0.359" /><testcase classname="tests.integration.aftersales.test_refund_workflow" name="test_a_refund_requires_a_positive_amount" time="0.331" /><testcase classname="tests.integration.commerce.test_fulfillment_shipped_semantics" name="test_a_fresh_shell_counts_as_planned_and_not_as_shipped" time="0.285" /><testcase classname="tests.integration.commerce.test_fulfillment_shipped_semantics" name="test_shipping_moves_units_from_planned_to_shipped" time="0.287" /><testcase classname="tests.integration.commerce.test_seed_cleanup_on_failure" name="test_a_setup_failure_does_not_leak_seed_rows" time="4.001" /><testcase classname="tests.integration.commerce.test_seed_cleanup_on_failure" name="test_a_plain_test_failure_does_not_leak_either" time="3.380" /><testcase classname="tests.integration.commerce.test_seed_cleanup_on_failure" name="test_the_seed_is_clean_after_a_successful_run" time="3.160" /><testcase classname="tests.integration.commerce.test_seed_smoke" name="test_paid_order_reaches_paid_through_the_real_payment_path" time="0.288" /><testcase classname="tests.integration.commerce.test_seed_smoke" name="test_paid_order_is_idempotent_about_the_shell_not_the_order" time="0.338" /><testcase classname="tests.integration.commerce.test_seed_smoke" name="test_the_seed_states_are_what_design_12_promises" time="0.183" /><testcase classname="tests.integration.fulfillment.test_concurrent_ship" name="test_two_concurrent_shipments_produce_exactly_one_package" time="0.218" /><testcase classname="tests.integration.fulfillment.test_http_surface" name="test_each_frozen_fulfillment_path_is_registered[GET-/api/v1/fulfillments/admin]" time="0.131" /><testcase classname="tests.integration.fulfillment.test_http_surface" name="test_each_frozen_fulfillment_path_is_registered[GET-/api/v1/fulfillments/customer/orders/{order_no}/shipments]" time="0.236" /><testcase classname="tests.integration.fulfillment.test_http_surface" name="test_each_frozen_fulfillment_path_is_registered[POST-/api/v1/fulfillments/{fulfillment_id}/ship]" time="0.136" /><testcase classname="tests.integration.fulfillment.test_http_surface" name="test_an_unauthenticated_ship_is_refused_with_the_envelope" time="0.065" /><testcase classname="tests.integration.fulfillment.test_http_surface" name="test_an_unauthenticated_queue_read_is_refused" time="0.088" /><testcase classname="tests.integration.fulfillment.test_http_surface" name="test_the_ship_body_is_validated_at_the_edge" time="0.097" /><testcase classname="tests.integration.fulfillment.test_http_surface" name="test_an_unknown_carrier_is_refused_at_the_edge" time="0.116" /><testcase classname="tests.integration.fulfillment.test_reads_and_serialisation" name="test_the_unshipped_serialised_shape_is_the_frozen_one" time="0.138" /><testcase classname="tests.integration.fulfillment.test_reads_and_serialisation" name="test_the_serialised_timestamp_is_the_frozen_encoding" time="0.061" /><testcase classname="tests.integration.fulfillment.test_reads_and_serialisation" name="test_the_shipped_serialised_shape_carries_the_parcel_facts" time="0.084" /><testcase classname="tests.integration.fulfillment.test_reads_and_serialisation" name="test_a_consumer_sees_their_own_orders_shipments" time="0.108" /><testcase classname="tests.integration.fulfillment.test_reads_and_serialisation" name="test_a_consumer_cannot_read_another_persons_order" time="0.035" /><testcase classname="tests.integration.fulfillment.test_reads_and_serialisation" name="test_an_order_with_no_packages_returns_an_empty_list" time="0.035" /><testcase classname="tests.integration.fulfillment.test_reads_and_serialisation" name="test_the_admin_queue_is_paged_and_enveloped" time="0.049" /><testcase classname="tests.integration.fulfillment.test_reads_and_serialisation" name="test_the_queue_filters_by_order_no" time="0.048" /><testcase classname="tests.integration.fulfillment.test_reads_and_serialisation" name="test_the_queue_filters_by_status" time="0.061" /><testcase classname="tests.integration.fulfillment.test_reads_and_serialisation" name="test_an_unknown_status_filter_is_a_validation_error" time="0.027" /><testcase classname="tests.integration.fulfillment.test_reads_and_serialisation" name="test_the_queue_is_scoped_to_the_operators_merchant" time="0.046" /><testcase classname="tests.integration.fulfillment.test_reads_and_serialisation" name="test_a_consumer_cannot_read_the_queue" time="0.028" /><testcase classname="tests.integration.fulfillment.test_reads_and_serialisation" name="test_the_guards_shipped_total_counts_only_shipped_packages" time="0.074" /><testcase classname="tests.integration.fulfillment.test_reads_and_serialisation" name="test_the_shipped_total_is_reused_by_the_axis_and_the_guard" time="0.064" /><testcase classname="tests.integration.fulfillment.test_shell_race" name="test_concurrent_create_shell_yields_exactly_one_shell" time="0.186" /><testcase classname="tests.integration.fulfillment.test_ship_workflow" name="test_create_shell_is_one_unfulfilled_package_per_order_line" time="0.049" /><testcase classname="tests.integration.fulfillment.test_ship_workflow" name="test_create_shell_leaves_the_order_axis_alone" time="0.055" /><testcase classname="tests.integration.fulfillment.test_ship_workflow" name="test_create_shell_is_idempotent_per_order" time="0.067" /><testcase classname="tests.integration.fulfillment.test_ship_workflow" name="test_a_partial_shipment_creates_the_residual_package" time="0.076" /><testcase classname="tests.integration.fulfillment.test_ship_workflow" name="test_shipping_the_residual_reaches_shipped" time="0.081" /><testcase classname="tests.integration.fulfillment.test_ship_workflow" name="test_shipping_never_changes_order_status" time="0.081" /><testcase classname="tests.integration.fulfillment.test_ship_workflow" name="test_the_order_axis_is_never_regressed_from_delivered" time="0.081" /><testcase classname="tests.integration.fulfillment.test_ship_workflow" name="test_shipping_an_already_shipped_package_is_refused" time="0.067" /><testcase classname="tests.integration.fulfillment.test_ship_workflow" name="test_the_cumulative_cap_counts_only_shipped_packages" time="0.102" /><testcase classname="tests.integration.fulfillment.test_ship_workflow" name="test_shipping_more_than_the_package_holds_is_refused" time="0.068" /><testcase classname="tests.integration.fulfillment.test_ship_workflow" name="test_a_consumer_cannot_ship" time="0.046" /><testcase classname="tests.integration.fulfillment.test_ship_workflow" name="test_another_tenants_package_is_invisible" time="0.050" /><testcase classname="tests.integration.fulfillment.test_ship_workflow" name="test_an_unknown_package_is_not_found" time="0.031" /><testcase classname="tests.integration.fulfillment.test_ship_workflow" name="test_a_failed_shipment_leaves_no_trace" time="0.059" /><testcase classname="tests.integration.fulfillment.test_ship_workflow" name="test_the_shell_records_the_orders_paid_state" time="0.080" /><testcase classname="tests.integration.identity.test_refresh_rotation" name="test_login_returns_a_usable_pair" time="0.148" /><testcase classname="tests.integration.identity.test_refresh_rotation" name="test_only_the_refresh_hash_is_persisted" time="0.155" /><testcase classname="tests.integration.identity.test_refresh_rotation" name="test_rotation_issues_a_new_pair_and_revokes_the_old_session" time="0.156" /><testcase classname="tests.integration.identity.test_refresh_rotation" name="test_rotated_token_is_no_longer_accepted" time="0.149" /><testcase classname="tests.integration.identity.test_refresh_rotation" name="test_rotation_can_be_chained_repeatedly" time="0.140" /><testcase classname="tests.integration.identity.test_refresh_rotation" name="test_reuse_outside_the_grace_window_revokes_the_whole_family" time="0.155" /><testcase classname="tests.integration.identity.test_refresh_rotation" name="test_reuse_inside_the_grace_window_is_tolerated" time="0.137" /><testcase classname="tests.integration.identity.test_refresh_rotation" name="test_reuse_of_an_admin_revoked_session_is_never_tolerated" time="0.137" /><testcase classname="tests.integration.identity.test_refresh_rotation" name="test_unknown_refresh_token_is_rejected_without_revoking_anything" time="0.140" /><testcase classname="tests.integration.identity.test_refresh_rotation" name="test_empty_refresh_token_is_rejected" time="0.003" /><testcase classname="tests.integration.identity.test_refresh_rotation" name="test_expired_refresh_token_is_rejected" time="0.136" /><testcase classname="tests.integration.identity.test_refresh_rotation" name="test_logout_revokes_the_session_and_its_family" time="0.147" /><testcase classname="tests.integration.identity.test_refresh_rotation" name="test_logout_is_idempotent" time="0.129" /><testcase classname="tests.integration.identity.test_refresh_rotation" name="test_logout_all_spares_a_nominated_session" time="0.197" /><testcase classname="tests.integration.identity.test_refresh_rotation" name="test_revoke_session_refuses_another_users_session" time="0.187" /><testcase classname="tests.integration.identity.test_refresh_rotation" name="test_password_change_revokes_every_session" time="0.256" /><testcase classname="tests.integration.identity.test_refresh_rotation" name="test_password_change_requires_the_current_password" time="0.124" /><testcase classname="tests.integration.identity.test_refresh_rotation" name="test_login_rejects_a_wrong_password_without_revealing_which_part_failed" time="0.229" /><testcase classname="tests.integration.identity.test_refresh_rotation" name="test_account_locks_after_the_configured_number_of_failures" time="0.482" /><testcase classname="tests.integration.identity.test_refresh_rotation" name="test_successful_login_resets_the_failure_counter" time="0.234" /><testcase classname="tests.integration.identity.test_refresh_rotation" name="test_disabled_account_cannot_log_in" time="0.087" /><testcase classname="tests.integration.identity.test_refresh_rotation" name="test_login_by_email_and_username_both_work" time="0.195" /><testcase classname="tests.integration.identity.test_refresh_rotation" name="test_username_lookup_is_case_insensitive" time="0.128" /><testcase classname="tests.integration.identity.test_refresh_rotation" name="test_consumer_defaults_to_self_scope" time="0.130" /><testcase classname="tests.integration.identity.test_refresh_rotation" name="test_staff_without_a_role_gets_no_scope" time="0.069" /><testcase classname="tests.integration.identity.test_refresh_rotation" name="test_role_grants_permissions_and_widens_scope" time="0.082" /><testcase classname="tests.integration.identity.test_refresh_rotation" name="test_scope_guard_blocks_cross_user_access" time="0.125" /><testcase classname="tests.integration.identity.test_refresh_rotation" name="test_expired_sessions_are_cleanable" time="0.004" /><testcase classname="tests.integration.order.test_catalog_admin_http" name="test_merchant_creates_and_publishes_product" time="0.581" /><testcase classname="tests.integration.order.test_catalog_admin_http" name="test_product_scope_and_task_permissions" time="0.794" /><testcase classname="tests.integration.order.test_catalog_public_http" name="test_published_search_detail_and_unpublish_visibility" time="0.302" /><testcase classname="tests.integration.order.test_create_order" name="test_create_persists_an_order_a_line_and_one_status_log" time="0.326" /><testcase classname="tests.integration.order.test_create_order" name="test_the_server_recomputes_the_price_from_the_sku" time="0.222" /><testcase classname="tests.integration.order.test_create_order" name="test_duplicate_sku_lines_are_merged_into_one_row" time="0.214" /><testcase classname="tests.integration.order.test_create_order" name="test_the_stock_is_reserved_and_the_ledger_explains_it" time="0.227" /><testcase classname="tests.integration.order.test_create_order" name="test_insufficient_stock_rolls_the_whole_create_back" time="0.233" /><testcase classname="tests.integration.order.test_create_order" name="test_inv006_holds_for_the_persisted_rows" time="0.297" /><testcase classname="tests.integration.order.test_create_order" name="test_the_summary_snapshot_fields_are_written_from_the_first_line" time="0.252" /><testcase classname="tests.integration.order.test_create_order" name="test_a_historical_order_is_immune_to_later_product_edits" time="0.336" /><testcase classname="tests.integration.order.test_create_order" name="test_a_withdrawn_sku_does_not_break_an_existing_order" time="0.365" /><testcase classname="tests.integration.order.test_create_order" name="test_preview_writes_nothing" time="0.239" /><testcase classname="tests.integration.order.test_create_order" name="test_preview_and_create_agree_on_the_price" time="0.338" /><testcase classname="tests.integration.order.test_create_order" name="test_a_stranger_cannot_preview_against_someone_elses_address" time="0.200" /><testcase classname="tests.integration.order.test_create_order" name="test_create_refuses_a_stranger_address_with_404_and_never_403" time="0.189" /><testcase classname="tests.integration.order.test_create_order" name="test_create_refuses_an_address_that_does_not_exist" time="0.176" /><testcase classname="tests.integration.order.test_create_order" name="test_absent_and_not_yours_addresses_are_indistinguishable" time="0.182" /><testcase classname="tests.integration.order.test_data_layer_schema.TestSchemaLanded" name="test_all_four_tables_exist" time="0.015" /><testcase classname="tests.integration.order.test_data_layer_schema.TestSchemaLanded" name="test_check_constraints_present_with_frozen_names[idempotency_records-expected0]" time="0.011" /><testcase classname="tests.integration.order.test_data_layer_schema.TestSchemaLanded" name="test_check_constraints_present_with_frozen_names[order_items-expected1]" time="0.004" /><testcase classname="tests.integration.order.test_data_layer_schema.TestSchemaLanded" name="test_check_constraints_present_with_frozen_names[order_status_logs-expected2]" time="0.003" /><testcase classname="tests.integration.order.test_data_layer_schema.TestSchemaLanded" name="test_check_constraints_present_with_frozen_names[orders-expected3]" time="0.003" /><testcase classname="tests.integration.order.test_data_layer_schema.TestSchemaLanded" name="test_money_columns_are_signed_bigint[original_amount]" time="0.006" /><testcase classname="tests.integration.order.test_data_layer_schema.TestSchemaLanded" name="test_money_columns_are_signed_bigint[promotion_discount_amount]" time="0.003" /><testcase classname="tests.integration.order.test_data_layer_schema.TestSchemaLanded" name="test_money_columns_are_signed_bigint[coupon_discount_amount]" time="0.003" /><testcase classname="tests.integration.order.test_data_layer_schema.TestSchemaLanded" name="test_money_columns_are_signed_bigint[shipping_amount]" time="0.003" /><testcase classname="tests.integration.order.test_data_layer_schema.TestSchemaLanded" name="test_money_columns_are_signed_bigint[payable_amount]" time="0.003" /><testcase classname="tests.integration.order.test_data_layer_schema.TestSchemaLanded" name="test_money_columns_are_signed_bigint[paid_amount]" time="0.003" /><testcase classname="tests.integration.order.test_data_layer_schema.TestSchemaLanded" name="test_money_columns_are_signed_bigint[refunded_amount]" time="0.003" /><testcase classname="tests.integration.order.test_data_layer_schema.TestSchemaLanded" name="test_order_item_money_columns_are_signed_bigint" time="0.003" /><testcase classname="tests.integration.order.test_data_layer_schema.TestSchemaLanded" name="test_money_columns_are_never_float_or_double" time="0.004" /><testcase classname="tests.integration.order.test_data_layer_schema.TestSchemaLanded" name="test_primary_keys_are_unsigned" time="0.005" /><testcase classname="tests.integration.order.test_data_layer_schema.TestSchemaLanded" name="test_timestamps_have_millisecond_precision" time="0.004" /><testcase classname="tests.integration.order.test_data_layer_schema.TestSchemaLanded" name="test_status_columns_are_varchar_not_enum" time="0.009" /><testcase classname="tests.integration.order.test_data_layer_schema.TestSchemaLanded" name="test_unique_indexes_exist" time="0.006" /><testcase classname="tests.integration.order.test_data_layer_schema.TestSchemaLanded" name="test_foreign_keys_are_restrict" time="0.007" /><testcase classname="tests.integration.order.test_data_layer_schema.TestSchemaLanded" name="test_coupon_id_has_no_foreign_key_yet" time="0.003" /><testcase classname="tests.integration.order.test_data_layer_schema.TestOrderCheckConstraintsEnforced" name="test_valid_order_inserts" time="0.080" /><testcase classname="tests.integration.order.test_data_layer_schema.TestOrderCheckConstraintsEnforced" name="test_payable_must_equal_the_arithmetic" time="0.080" /><testcase classname="tests.integration.order.test_data_layer_schema.TestOrderCheckConstraintsEnforced" name="test_negative_amount_is_rejected" time="0.083" /><testcase classname="tests.integration.order.test_data_layer_schema.TestOrderCheckConstraintsEnforced" name="test_unknown_order_status_is_rejected" time="0.076" /><testcase classname="tests.integration.order.test_data_layer_schema.TestOrderCheckConstraintsEnforced" name="test_shipped_is_not_a_valid_order_status" time="0.081" /><testcase classname="tests.integration.order.test_data_layer_schema.TestOrderCheckConstraintsEnforced" name="test_unknown_payment_status_is_rejected" time="0.076" /><testcase classname="tests.integration.order.test_data_layer_schema.TestOrderCheckConstraintsEnforced" name="test_duplicate_client_request_id_for_same_user_is_rejected" time="0.078" /><testcase classname="tests.integration.order.test_data_layer_schema.TestOrderCheckConstraintsEnforced" name="test_duplicate_order_no_for_same_merchant_is_rejected" time="0.077" /><testcase classname="tests.integration.order.test_data_layer_schema.TestOrderCheckConstraintsEnforced" name="test_orders_are_immutable_snapshots_by_column_set" time="0.003" /><testcase classname="tests.integration.order.test_data_layer_schema.TestOrderItemCheckConstraintsEnforced" name="test_valid_item_inserts" time="0.071" /><testcase classname="tests.integration.order.test_data_layer_schema.TestOrderItemCheckConstraintsEnforced" name="test_quantity_must_be_positive" time="0.067" /><testcase classname="tests.integration.order.test_data_layer_schema.TestOrderItemCheckConstraintsEnforced" name="test_allocated_discount_must_equal_promotion_plus_coupon" time="0.073" /><testcase classname="tests.integration.order.test_data_layer_schema.TestOrderItemCheckConstraintsEnforced" name="test_item_payable_must_equal_original_minus_allocated" time="0.068" /><testcase classname="tests.integration.order.test_data_layer_schema.TestOrderItemCheckConstraintsEnforced" name="test_duplicate_sku_in_one_order_is_rejected" time="0.070" /><testcase classname="tests.integration.order.test_data_layer_schema.TestOrderItemCheckConstraintsEnforced" name="test_negative_allocated_discount_is_rejected" time="0.069" /><testcase classname="tests.integration.order.test_data_layer_schema.TestStatusLogCheckConstraintsEnforced" name="test_creation_log_with_null_from_status_is_allowed" time="0.064" /><testcase classname="tests.integration.order.test_data_layer_schema.TestStatusLogCheckConstraintsEnforced" name="test_unknown_to_status_is_rejected" time="0.069" /><testcase classname="tests.integration.order.test_data_layer_schema.TestStatusLogCheckConstraintsEnforced" name="test_unknown_from_status_is_rejected" time="0.076" /><testcase classname="tests.integration.order.test_data_layer_schema.TestStatusLogCheckConstraintsEnforced" name="test_unknown_operator_type_is_rejected" time="0.069" /><testcase classname="tests.integration.order.test_data_layer_schema.TestIdempotencyTableConstraints" name="test_valid_record_inserts" time="0.004" /><testcase classname="tests.integration.order.test_data_layer_schema.TestIdempotencyTableConstraints" name="test_duplicate_key_within_scope_is_rejected" time="0.005" /><testcase classname="tests.integration.order.test_data_layer_schema.TestIdempotencyTableConstraints" name="test_same_key_in_a_different_scope_is_allowed" time="0.004" /><testcase classname="tests.integration.order.test_data_layer_schema.TestIdempotencyTableConstraints" name="test_unknown_status_is_rejected" time="0.005" /><testcase classname="tests.integration.order.test_data_layer_schema.TestMigrationVocabularyMatchesEnums" name="test_migration_vocabularies_equal_the_enums" time="0.209" /><testcase classname="tests.integration.order.test_data_layer_schema.TestMigrationVocabularyMatchesEnums" name="test_migration_declares_the_expected_revision" time="0.001" /><testcase classname="tests.integration.order.test_data_layer_schema.TestMigrationVocabularyMatchesEnums" name="test_migration_downgrade_does_not_predrop_indexes" time="0.002" /><testcase classname="tests.integration.order.test_data_layer_schema.TestOrmDefaults" name="test_new_order_defaults_to_the_frozen_birth_state" time="0.073" /><testcase classname="tests.integration.order.test_data_layer_schema.TestOrmDefaults" name="test_server_defaults_apply_without_the_orm" time="0.077" /><testcase classname="tests.integration.order.test_data_layer_schema.TestOrmDefaults" name="test_idempotency_record_server_default_is_in_progress" time="0.004" /><testcase classname="tests.integration.order.test_data_layer_schema.TestIdempotencyRepositoryClaim" name="test_first_claim_succeeds_and_is_in_progress" time="0.005" /><testcase classname="tests.integration.order.test_data_layer_schema.TestIdempotencyRepositoryClaim" name="test_second_claim_for_the_same_key_returns_none" time="0.007" /><testcase classname="tests.integration.order.test_data_layer_schema.TestIdempotencyRepositoryClaim" name="test_the_outcome_of_a_lost_race_is_a_usable_session" time="0.072" /><testcase classname="tests.integration.order.test_data_layer_schema.TestIdempotencyRepositoryClaim" name="test_marking_completed_records_a_non_sensitive_summary" time="0.006" /><testcase classname="tests.integration.order.test_data_layer_schema.TestIdempotencyRepositoryClaim" name="test_get_returns_the_stored_claim" time="0.007" /><testcase classname="tests.integration.order.test_data_layer_schema.TestOrderRepositoryLookups" name="test_lookup_by_order_no_scoped_to_the_owner" time="0.074" /><testcase classname="tests.integration.order.test_data_layer_schema.TestOrderRepositoryLookups" name="test_lookup_by_client_request_id" time="0.081" /><testcase classname="tests.integration.order.test_data_layer_schema.TestOrderRepositoryLookups" name="test_for_update_locks_the_row_it_returns" time="0.076" /><testcase classname="tests.integration.order.test_data_layer_schema.TestOrderRepositoryLookups" name="test_pagination_reports_total_beyond_the_page" time="0.074" /><testcase classname="tests.integration.order.test_data_layer_schema.TestOrderRepositoryLookups" name="test_status_filter_is_applied" time="0.089" /><testcase classname="tests.integration.order.test_data_layer_schema.TestOrderStatusLogRepository" name="test_append_copies_the_order_number_from_the_order" time="0.071" /><testcase classname="tests.integration.order.test_data_layer_schema.TestOrderStatusLogRepository" name="test_history_is_ordered_oldest_first" time="0.077" /><testcase classname="tests.integration.order.test_data_layer_schema.TestOrderNumberPlaceholderScheme" name="test_a_32_char_placeholder_fits_and_is_accepted" time="0.077" /><testcase classname="tests.integration.order.test_data_layer_schema.TestOrderNumberPlaceholderScheme" name="test_no_format_constraint_exists_on_order_no" time="0.004" /><testcase classname="tests.integration.order.test_data_layer_schema.TestOrderNumberPlaceholderScheme" name="test_stamping_over_the_placeholder_is_a_plain_update" time="0.080" /><testcase classname="tests.integration.order.test_data_layer_schema.TestOrderNumberPlaceholderScheme" name="test_placeholder_uniqueness_is_scoped_to_the_merchant" time="0.004" /><testcase classname="tests.integration.order.test_data_layer_schema.TestOrderItemsRelationship" name="test_items_are_loaded_with_the_order_not_lazily" time="0.075" /><testcase classname="tests.integration.order.test_data_layer_schema.TestOrderItemsRelationship" name="test_items_for_returns_the_snapshot_rows_only" time="0.079" /><testcase classname="tests.integration.order.test_data_layer_schema.TestOrderItemsRelationship" name="test_add_status_log_persists_a_built_row" time="0.082" /><testcase classname="tests.integration.order.test_data_layer_schema.TestOrderDeletionPolicy" name="test_orm_delete_removes_children_before_the_parent" time="0.086" /><testcase classname="tests.integration.order.test_data_layer_schema.TestOrderDeletionPolicy" name="test_orm_delete_works_when_children_were_never_loaded" time="0.095" /><testcase classname="tests.integration.order.test_data_layer_schema.TestOrderDeletionPolicy" name="test_raw_delete_is_refused_by_the_database" time="0.082" /><testcase classname="tests.integration.order.test_data_layer_schema.TestOrderDeletionPolicy" name="test_raw_delete_of_a_childless_order_succeeds" time="0.078" /><testcase classname="tests.integration.order.test_data_layer_schema.TestRepositoryConfirmsNoWriteFromReads" name="test_repository_module_does_not_commit" time="0.001" /><testcase classname="tests.integration.order.test_data_layer_schema.TestRepositoryConfirmsNoWriteFromReads" name="test_status_log_repository_has_no_mutating_operations" time="0.001" /><testcase classname="tests.integration.order.test_db_constraints_are_enforced" name="test_a_violating_write_is_refused_by_the_named_check[orders.payable_consistent]" time="0.260" /><testcase classname="tests.integration.order.test_db_constraints_are_enforced" name="test_a_violating_write_is_refused_by_the_named_check[orders.amounts_non_negative]" time="0.238" /><testcase classname="tests.integration.order.test_db_constraints_are_enforced" name="test_a_violating_write_is_refused_by_the_named_check[orders.status_valid]" time="0.214" /><testcase classname="tests.integration.order.test_db_constraints_are_enforced" name="test_a_violating_write_is_refused_by_the_named_check[order_items.payable_consistent]" time="0.215" /><testcase classname="tests.integration.order.test_db_constraints_are_enforced" name="test_a_violating_write_is_refused_by_the_named_check[order_items.allocated_consistent]" time="0.254" /><testcase classname="tests.integration.order.test_db_constraints_are_enforced" name="test_a_violating_write_is_refused_by_the_named_check[order_items.amounts_non_negative]" time="0.231" /><testcase classname="tests.integration.order.test_db_constraints_are_enforced" name="test_a_violating_write_is_refused_by_the_named_check[order_items.quantity_positive]" time="0.222" /><testcase classname="tests.integration.order.test_db_constraints_are_enforced" name="test_order_items_never_permits_a_second_line_for_the_same_sku" time="0.399" /><testcase classname="tests.integration.order.test_db_constraints_are_enforced" name="test_the_session_survives_a_rejected_write" time="0.228" /><testcase classname="tests.integration.order.test_expiry_reconciliation" name="test_expiry_closes_payment_and_releases_stock_once" time="0.262" /><testcase classname="tests.integration.order.test_expiry_reconciliation" name="test_two_workers_close_one_expired_order_once" time="0.268" /><testcase classname="tests.integration.order.test_expiry_reconciliation" name="test_unexpired_order_remains_open" time="0.221" /><testcase classname="tests.integration.order.test_http_smoke" name="test_the_eight_frozen_paths_are_registered" time="0.144" /><testcase classname="tests.integration.order.test_http_smoke" name="test_admin_is_not_shadowed_by_the_detail_route" time="0.321" /><testcase classname="tests.integration.order.test_http_smoke" name="test_the_detail_route_is_still_reachable_for_a_consumer" time="0.327" /><testcase classname="tests.integration.order.test_http_smoke" name="test_creating_without_a_token_is_401_in_the_frozen_envelope" time="0.256" /><testcase classname="tests.integration.order.test_http_smoke" name="test_creating_without_an_idempotency_key_is_10010" time="0.345" /><testcase classname="tests.integration.order.test_http_smoke" name="test_a_body_naming_its_own_price_or_identity_is_rejected[unit_price]" time="0.394" /><testcase classname="tests.integration.order.test_http_smoke" name="test_a_body_naming_its_own_price_or_identity_is_rejected[payable_amount]" time="0.437" /><testcase classname="tests.integration.order.test_http_smoke" name="test_a_body_naming_its_own_price_or_identity_is_rejected[discount_amount]" time="0.409" /><testcase classname="tests.integration.order.test_http_smoke" name="test_a_body_naming_its_own_price_or_identity_is_rejected[original_amount]" time="0.652" /><testcase classname="tests.integration.order.test_http_smoke" name="test_a_body_naming_its_own_price_or_identity_is_rejected[user_id]" time="0.355" /><testcase classname="tests.integration.order.test_http_smoke" name="test_a_body_naming_its_own_price_or_identity_is_rejected[merchant_id]" time="0.371" /><testcase classname="tests.integration.order.test_http_smoke" name="test_creating_without_an_address_is_422_not_404" time="0.368" /><testcase classname="tests.integration.order.test_http_smoke" name="test_preview_still_accepts_no_address" time="0.357" /><testcase classname="tests.integration.order.test_http_smoke" name="test_an_authenticated_create_get_cancel_round_trip" time="0.473" /><testcase classname="tests.integration.order.test_http_smoke" name="test_a_replayed_create_returns_the_same_order_with_http_200" time="0.597" /><testcase classname="tests.integration.order.test_http_smoke" name="test_the_preview_endpoint_creates_nothing" time="0.401" /><testcase classname="tests.integration.order.test_http_smoke" name="test_the_preview_refuses_a_coupon_it_cannot_resolve" time="0.390" /><testcase classname="tests.integration.order.test_http_smoke" name="test_the_console_surface_serves_a_staff_token" time="0.560" /><testcase classname="tests.integration.order.test_http_smoke" name="test_pagination_beyond_the_last_page_is_an_empty_page" time="0.335" /><testcase classname="tests.integration.order.test_http_smoke" name="test_an_out_of_range_page_size_is_refused" time="0.337" /><testcase classname="tests.integration.order.test_idempotency" name="test_a_missing_idempotency_key_is_refused" time="0.219" /><testcase classname="tests.integration.order.test_idempotency" name="test_same_key_and_body_replays_the_original_order" time="0.448" /><testcase classname="tests.integration.order.test_idempotency" name="test_a_replay_with_a_reordered_basket_is_still_the_same_request" time="0.231" /><testcase classname="tests.integration.order.test_idempotency" name="test_same_key_with_a_different_body_is_a_conflict" time="0.221" /><testcase classname="tests.integration.order.test_idempotency" name="test_same_key_with_a_different_address_is_a_conflict" time="0.233" /><testcase classname="tests.integration.order.test_idempotency" name="test_a_lost_header_still_finds_the_original_order" time="0.245" /><testcase classname="tests.integration.order.test_idempotency" name="test_a_reused_client_request_id_with_a_different_body_is_a_conflict" time="0.248" /><testcase classname="tests.integration.order.test_idempotency" name="test_the_claim_is_completed_with_a_non_sensitive_snapshot" time="0.212" /><testcase classname="tests.integration.order.test_idempotency" name="test_the_claim_and_the_order_commit_together" time="0.219" /><testcase classname="tests.integration.order.test_idempotency" name="test_a_different_customer_with_the_same_key_gets_a_conflict" time="0.221" /><testcase classname="tests.integration.order.test_idempotency" name="test_every_claim_this_suite_made_is_attributable" time="0.212" /><testcase classname="tests.integration.order.test_idempotency" name="test_an_in_progress_claim_that_is_visible_is_refused_rather_than_replayed" time="0.181" /><testcase classname="tests.integration.order.test_idempotency_concurrency" name="test_concurrent_creates_with_one_key_make_exactly_one_order" time="0.356" /><testcase classname="tests.integration.order.test_idempotency_concurrency" name="test_concurrent_creates_with_different_keys_make_one_order_each" time="0.350" /><testcase classname="tests.integration.order.test_idempotency_concurrency" name="test_concurrent_creates_against_scarce_stock_reserve_exactly_what_exists" time="0.304" /><testcase classname="tests.integration.order.test_idempotency_concurrency" name="test_every_claim_from_the_race_is_attributable" time="0.277" /><testcase classname="tests.integration.order.test_identity_http" name="test_refresh_cookie_rotates_and_logout_revokes" time="0.369" /><testcase classname="tests.integration.order.test_identity_http" name="test_address_routes_enforce_owner_scope" time="0.351" /><testcase classname="tests.integration.order.test_inv006_allocation" name="test_a_percent_promotion_allocates_exactly_and_the_remainder_lands_last" time="0.306" /><testcase classname="tests.integration.order.test_inv006_allocation" name="test_a_coupon_is_applied_after_the_promotion_on_the_discounted_total" time="0.244" /><testcase classname="tests.integration.order.test_inv006_allocation" name="test_a_full_reduction_promotion_below_its_threshold_does_nothing" time="0.228" /><testcase classname="tests.integration.order.test_inv006_allocation" name="test_a_direct_discount_can_never_make_a_line_negative" time="0.228" /><testcase classname="tests.integration.order.test_inv006_allocation" name="test_scoped_promotion_allocates_only_to_eligible_lines" time="0.280" /><testcase classname="tests.integration.order.test_inv006_allocation" name="test_the_internal_seam_is_not_reachable_from_http" time="0.001" /><testcase classname="tests.integration.order.test_inv006_allocation" name="test_the_movement_key_survives_a_discount" time="0.257" /><testcase classname="tests.integration.order.test_marketing_coupons" name="test_coupon_locks_on_order_and_releases_on_cancel" time="0.385" /><testcase classname="tests.integration.order.test_marketing_coupons" name="test_two_orders_cannot_lock_the_same_coupon" time="0.255" /><testcase classname="tests.integration.order.test_marketing_coupons" name="test_concurrent_claims_respect_template_and_user_limits" time="0.230" /><testcase classname="tests.integration.order.test_marketing_coupons" name="test_selected_coupon_fails_if_threshold_is_not_met" time="0.224" /><testcase classname="tests.integration.order.test_marketing_coupons" name="test_failed_stock_reservation_rolls_coupon_lock_back" time="0.238" /><testcase classname="tests.integration.order.test_marketing_coupons" name="test_mock_payment_marks_locked_coupon_used" time="0.320" /><testcase classname="tests.integration.order.test_marketing_coupons" name="test_coupon_http_preview_create_claim_and_admin_list" time="0.534" /><testcase classname="tests.integration.order.test_marketing_coupons" name="test_expiry_reconciler_skips_locked_coupons_and_expires_unused" time="0.666" /><testcase classname="tests.integration.order.test_marketing_promotions" name="test_preview_token_and_published_rule_price_the_order" time="0.393" /><testcase classname="tests.integration.order.test_marketing_promotions" name="test_preview_rejects_scope_ids_outside_the_merchant" time="0.279" /><testcase classname="tests.integration.order.test_marketing_promotions" name="test_concurrent_orders_cannot_exceed_promotion_quota" time="0.284" /><testcase classname="tests.integration.order.test_marketing_promotions" name="test_promotion_http_preview_create_and_task_routes" time="0.414" /><testcase classname="tests.integration.order.test_purchase_http" name="test_buyer_can_place_an_order_from_published_sku" time="0.465" /><testcase classname="tests.integration.order.test_reads" name="test_a_stranger_gets_50003_and_never_403" time="0.313" /><testcase classname="tests.integration.order.test_reads" name="test_the_owner_can_read_their_own_order" time="0.227" /><testcase classname="tests.integration.order.test_reads" name="test_a_stranger_sees_an_empty_list_not_somebody_elses_orders" time="0.223" /><testcase classname="tests.integration.order.test_reads" name="test_an_unknown_order_number_is_50003_for_its_owner_too" time="0.175" /><testcase classname="tests.integration.order.test_reads" name="test_the_list_is_paged_and_ordered_newest_first" time="0.302" /><testcase classname="tests.integration.order.test_reads" name="test_an_empty_result_is_an_empty_page_not_a_404" time="0.174" /><testcase classname="tests.integration.order.test_reads" name="test_a_fulfillment_status_is_not_accepted_as_an_order_status_filter" time="0.175" /><testcase classname="tests.integration.order.test_reads" name="test_an_unknown_admin_filter_is_refused" time="0.177" /><testcase classname="tests.integration.order.test_reads" name="test_the_admin_list_filters_by_order_status_and_order_no" time="0.236" /><testcase classname="tests.integration.order.test_reads" name="test_the_admin_detail_masks_the_receiver_too" time="0.233" /><testcase classname="tests.integration.order.test_reads" name="test_the_admin_read_requires_the_order_read_permission" time="0.217" /><testcase classname="tests.integration.order.test_reads" name="test_a_merchant_scoped_console_cannot_read_another_merchants_order" time="0.261" /><testcase classname="tests.integration.order.test_reads" name="test_refundable_amount_is_paid_minus_refunded_and_never_negative" time="0.315" /><testcase classname="tests.integration.order.test_reads" name="test_the_summary_fields_are_present_and_backend_owned" time="0.278" /><testcase classname="tests.integration.order.test_reads" name="test_the_detail_carries_the_lines_and_the_masked_address" time="0.217" /><testcase classname="tests.integration.order.test_status_transitions" name="test_cancel_releases_the_stock_and_appends_the_ledger_entry" time="0.232" /><testcase classname="tests.integration.order.test_status_transitions" name="test_cancel_releases_every_line_of_a_multi_line_order" time="0.258" /><testcase classname="tests.integration.order.test_status_transitions" name="test_a_second_cancel_is_refused_and_releases_nothing_more" time="0.245" /><testcase classname="tests.integration.order.test_status_transitions" name="test_cancelling_a_processing_order_is_refused" time="0.242" /><testcase classname="tests.integration.order.test_status_transitions" name="test_a_blank_reason_falls_back_to_the_server_wording" time="0.256" /><testcase classname="tests.integration.order.test_status_transitions" name="test_a_stranger_cannot_cancel_someone_elses_order" time="0.264" /><testcase classname="tests.integration.order.test_status_transitions" name="test_an_unknown_order_number_is_50003" time="0.218" /><testcase classname="tests.integration.order.test_status_transitions" name="test_confirm_receipt_completes_the_order_without_touching_fulfillment" time="0.265" /><testcase classname="tests.integration.order.test_status_transitions" name="test_confirm_receipt_from_pending_payment_is_refused" time="0.219" /><testcase classname="tests.integration.order.test_status_transitions" name="test_confirm_receipt_is_refused_after_a_cancel" time="0.229" /><testcase classname="tests.integration.order.test_status_transitions" name="test_confirm_receipt_is_refused_twice" time="0.245" /><testcase classname="tests.integration.order.test_status_transitions" name="test_the_version_counter_advances_on_every_transition" time="0.245" /><testcase classname="tests.integration.order.test_status_transitions" name="test_a_cancelled_order_can_still_be_read_by_its_owner" time="0.267" /><testcase classname="tests.integration.order.test_status_transitions" name="test_the_order_count_is_the_number_of_create_calls" time="0.222" /><testcase classname="tests.integration.outbox.test_publisher" name="test_a_pending_event_is_published_once_with_exactly_one_attempt" time="0.222" /><testcase classname="tests.integration.outbox.test_publisher" name="test_a_second_cycle_does_not_redeliver_a_published_row" time="0.197" /><testcase classname="tests.integration.outbox.test_publisher" name="test_limit_bounds_one_cycle" time="0.222" /><testcase classname="tests.integration.outbox.test_publisher" name="test_run_publish_cycle_commits_by_itself" time="0.202" /><testcase classname="tests.integration.outbox.test_publisher" name="test_a_failed_delivery_backs_off_and_is_invisible_before_next_retry_at" time="0.222" /><testcase classname="tests.integration.outbox.test_publisher" name="test_the_backoff_doubles_per_attempt_and_is_capped" time="0.291" /><testcase classname="tests.integration.outbox.test_publisher" name="test_consecutive_failures_reach_dead_at_max_attempts" time="0.309" /><testcase classname="tests.integration.outbox.test_publisher" name="test_max_attempts_is_honoured_when_the_caller_lowers_it" time="0.258" /><testcase classname="tests.integration.outbox.test_publisher" name="test_a_transport_error_is_recorded_and_truncated_to_the_column" time="0.255" /><testcase classname="tests.integration.outbox.test_publisher" name="test_a_non_exception_error_does_not_stop_the_batch" time="0.202" /><testcase classname="tests.integration.outbox.test_publisher" name="test_a_row_with_published_at_is_never_selected_by_a_later_clock" time="0.201" /><testcase classname="tests.integration.outbox.test_publisher" name="test_the_publisher_does_not_commit_for_the_caller" time="0.189" /><testcase classname="tests.integration.outbox.test_publisher" name="test_two_publishers_claim_distinct_rows_while_both_hold_locks" time="0.228" /><testcase classname="tests.integration.outbox.test_redis_transport" name="test_published_row_is_durable_in_redis_stream" time="0.303" /><testcase classname="tests.integration.outbox.test_seams" name="test_order_created_is_emitted_once_by_the_real_workflow" time="0.216" /><testcase classname="tests.integration.outbox.test_seams" name="test_a_replayed_order_create_emits_no_second_event" time="0.227" /><testcase classname="tests.integration.outbox.test_seams" name="test_a_failed_create_emits_no_order_event" time="0.208" /><testcase classname="tests.integration.outbox.test_seams" name="test_payment_settled_is_emitted_once_and_a_duplicate_delivery_adds_nothing" time="0.289" /><testcase classname="tests.integration.outbox.test_seams" name="test_a_refused_callback_emits_no_payment_event" time="0.237" /><testcase classname="tests.integration.outbox.test_seams" name="test_refund_succeeded_carries_the_ten_contract_keys" time="0.348" /><testcase classname="tests.integration.outbox.test_seams" name="test_a_replayed_refund_emits_no_second_event" time="0.362" /><testcase classname="tests.integration.outbox.test_seams" name="test_no_seam_payload_carries_a_sensitive_key" time="0.344" /><testcase classname="tests.integration.outbox.test_seams" name="test_provider_event_ids_carry_the_fixture_marker" time="0.199" /><testcase classname="tests.integration.outbox.test_writer" name="test_a_rolled_back_create_leaves_no_event_row" time="0.211" /><testcase classname="tests.integration.outbox.test_writer" name="test_enqueue_inside_a_rolled_back_transaction_writes_nothing" time="0.286" /><testcase classname="tests.integration.outbox.test_writer" name="test_the_same_aggregate_twice_yields_one_row" time="0.204" /><testcase classname="tests.integration.outbox.test_writer" name="test_two_aggregates_sharing_one_idempotency_key_yield_two_rows" time="0.181" /><testcase classname="tests.integration.outbox.test_writer" name="test_a_payload_naming_a_secret_is_refused_and_writes_nothing" time="0.174" /><testcase classname="tests.integration.outbox.test_writer" name="test_an_unknown_aggregate_type_is_refused[Order]" time="0.170" /><testcase classname="tests.integration.outbox.test_writer" name="test_an_unknown_aggregate_type_is_refused[orders]" time="0.189" /><testcase classname="tests.integration.outbox.test_writer" name="test_an_unknown_aggregate_type_is_refused[  order  ]" time="0.198" /><testcase classname="tests.integration.outbox.test_writer" name="test_an_unknown_event_type_is_refused[order.creatd]" time="0.177" /><testcase classname="tests.integration.outbox.test_writer" name="test_an_unknown_event_type_is_refused[Order.created]" time="0.178" /><testcase classname="tests.integration.outbox.test_writer" name="test_an_unknown_event_type_is_refused[refund.done]" time="0.190" /><testcase classname="tests.integration.outbox.test_writer" name="test_an_unknown_event_type_is_refused[ order.created ]" time="0.216" /><testcase classname="tests.integration.outbox.test_writer" name="test_the_caller_can_keep_using_its_session_after_a_dedup_collision" time="0.237" /><testcase classname="tests.integration.outbox.test_writer" name="test_the_writer_never_sets_a_publication_state" time="0.206" /><testcase classname="tests.integration.payment.test_payment_http" name="test_every_frozen_payment_path_is_registered" time="0.054" /><testcase classname="tests.integration.payment.test_payment_http" name="test_by_order_is_not_swallowed_by_the_detail_route" time="0.219" /><testcase classname="tests.integration.payment.test_payment_http" name="test_a_correctly_signed_callback_settles_the_payment" time="0.042" /><testcase classname="tests.integration.payment.test_payment_http" name="test_a_duplicate_delivery_answers_200_with_the_duplicate_code" time="0.012" /><testcase classname="tests.integration.payment.test_payment_http" name="test_a_forged_signature_is_refused_and_claims_nothing" time="0.014" /><testcase classname="tests.integration.payment.test_payment_http" name="test_a_stale_timestamp_is_refused_even_when_the_signature_verifies" time="0.011" /><testcase classname="tests.integration.payment.test_payment_http" name="test_an_unknown_payment_is_not_found_and_settles_nothing" time="0.011" /><testcase classname="tests.integration.payment.test_payment_http" name="test_an_amount_mismatch_is_refused_with_the_mismatch_code" time="0.035" /><testcase classname="tests.integration.payment.test_payment_http" name="test_the_callback_route_needs_no_jwt_and_ignores_one" time="0.010" /><testcase classname="tests.integration.payment.test_payment_http" name="test_a_foreign_payment_is_not_found_never_forbidden" time="0.086" /><testcase classname="tests.integration.payment.test_payment_http" name="test_the_mock_surface_is_refused_when_the_flag_is_off" time="0.014" /><testcase classname="tests.integration.payment.test_payment_http" name="test_the_mock_surface_is_allowed_when_the_flag_is_on" time="0.020" /><testcase classname="tests.integration.payment.test_payment_http" name="test_a_consumer_cannot_reach_the_admin_payment_queue" time="0.008" /><testcase classname="tests.integration.payment.test_payment_http" name="test_an_unauthenticated_consumer_read_is_refused" time="0.002" /><testcase classname="tests.integration.payment.test_payment_http" name="test_the_owner_can_read_their_own_payment_by_id_and_by_order" time="0.020" /><testcase classname="tests.integration.payment.test_payment_http" name="test_the_create_endpoint_requires_an_idempotency_key" time="0.021" /><testcase classname="tests.integration.payment.test_payment_http" name="test_expired_order_cannot_start_a_payment_attempt" time="0.037" /><testcase classname="tests.integration.payment.test_payment_http" name="test_expired_order_can_replay_its_existing_payment_attempt" time="0.080" /><testcase classname="tests.integration.payment.test_payment_http" name="test_the_create_endpoint_cannot_be_talked_into_an_amount" time="0.024" /><testcase classname="tests.integration.payment.test_payment_http" name="test_a_foreign_order_cannot_be_paid_by_number" time="0.021" /><testcase classname="tests.integration.payment.test_payment_http" name="test_the_admin_queue_is_paged_and_filtered" time="0.023" /><testcase classname="tests.integration.payment.test_payment_http" name="test_the_admin_queue_shows_a_settled_payment" time="0.035" /><testcase classname="tests.integration.refund.test_fulfillment_quantity_guard" name="test_the_first_shipment_may_ship_the_full_ordered_quantity" time="0.359" /><testcase classname="tests.integration.refund.test_fulfillment_quantity_guard" name="test_shipping_across_two_packages_cannot_exceed_the_ordered_quantity" time="0.322" /><testcase classname="tests.integration.refund.test_refund_invariants" name="test_the_live_table_carries_the_named_cap[ck_payments_refund_cap]" time="0.214" /><testcase classname="tests.integration.refund.test_refund_invariants" name="test_the_live_table_carries_the_named_cap[ck_orders_refund_cap]" time="0.205" /><testcase classname="tests.integration.refund.test_refund_invariants" name="test_the_live_table_carries_the_named_cap[ck_order_items_refund_cap]" time="0.200" /><testcase classname="tests.integration.refund.test_refund_invariants" name="test_a_write_over_the_cap_is_refused_by_that_named_check[ck_payments_refund_cap]" time="0.332" /><testcase classname="tests.integration.refund.test_refund_invariants" name="test_a_write_over_the_cap_is_refused_by_that_named_check[ck_orders_refund_cap]" time="0.316" /><testcase classname="tests.integration.refund.test_refund_invariants" name="test_a_write_over_the_cap_is_refused_by_that_named_check[ck_order_items_refund_cap]" time="0.281" /><testcase classname="tests.integration.refund.test_refund_invariants" name="test_dropping_the_cap_lets_the_identical_write_land" time="0.031" /><testcase classname="tests.integration.refund.test_refund_workflow_caps" name="test_a_refund_to_exactly_paid_amount_is_accepted" time="0.642" /><testcase classname="tests.integration.refund.test_refund_workflow_caps" name="test_the_per_line_cumulative_cap_binds_while_the_order_still_has_room" time="0.409" /><testcase classname="tests.integration.refund.test_refund_workflow_caps" name="test_the_workflow_revalidates_the_caps_against_locked_rows" time="0.438" /></testsuite></testsuites>