<?xml version="1.0" encoding="utf-8"?><testsuites name="pytest tests"><testsuite name="pytest" errors="0" failures="0" skipped="0" tests="780" time="2.844" timestamp="2026-09-23T22:43:58.674966+08:00" hostname="WHHHH"><testcase classname="tests.unit.core.test_error_code_contract" name="test_phase_5_codes_resolve_to_their_documented_status[60000-404]" time="0.138" /><testcase classname="tests.unit.core.test_error_code_contract" name="test_phase_5_codes_resolve_to_their_documented_status[70000-404]" time="0.001" /><testcase classname="tests.unit.core.test_error_code_contract" name="test_phase_5_codes_resolve_to_their_documented_status[80000-404]" time="0.001" /><testcase classname="tests.unit.core.test_error_code_contract" name="test_phase_5_codes_resolve_to_their_documented_status[80003-404]" time="0.000" /><testcase classname="tests.unit.core.test_error_code_contract" name="test_phase_5_codes_resolve_to_their_documented_status[60007-409]" time="0.001" /><testcase classname="tests.unit.core.test_error_code_contract" name="test_phase_5_codes_resolve_to_their_documented_status[70002-409]" time="0.000" /><testcase classname="tests.unit.core.test_error_code_contract" name="test_phase_5_codes_resolve_to_their_documented_status[70003-409]" time="0.000" /><testcase classname="tests.unit.core.test_error_code_contract" name="test_phase_5_codes_resolve_to_their_documented_status[80002-409]" time="0.000" /><testcase classname="tests.unit.core.test_error_code_contract" name="test_phase_5_codes_resolve_to_their_documented_status[80001-409]" time="0.001" /><testcase classname="tests.unit.core.test_error_code_contract" name="test_phase_5_codes_resolve_to_their_documented_status[80004-409]" time="0.000" /><testcase classname="tests.unit.core.test_error_code_contract" name="test_phase_5_codes_resolve_to_their_documented_status[80005-409]" time="0.000" /><testcase classname="tests.unit.core.test_error_code_contract" name="test_phase_5_codes_resolve_to_their_documented_status[80007-409]" time="0.000" /><testcase classname="tests.unit.core.test_error_code_contract" name="test_phase_5_codes_resolve_to_their_documented_status[60001-409]" time="0.000" /><testcase classname="tests.unit.core.test_error_code_contract" name="test_phase_5_codes_resolve_to_their_documented_status[60002-409]" time="0.000" /><testcase classname="tests.unit.core.test_error_code_contract" name="test_phase_5_codes_resolve_to_their_documented_status[60005-422]" time="0.001" /><testcase classname="tests.unit.core.test_error_code_contract" name="test_phase_5_codes_resolve_to_their_documented_status[80006-422]" time="0.000" /><testcase classname="tests.unit.core.test_error_code_contract" name="test_phase_5_codes_resolve_to_their_documented_status[60006-403]" time="0.000" /><testcase classname="tests.unit.core.test_error_code_contract" name="test_phase_5_codes_resolve_to_their_documented_status[60004-200]" time="0.000" /><testcase classname="tests.unit.core.test_error_code_contract" name="test_the_duplicate_payment_callback_is_a_success_not_an_error" time="0.000" /><testcase classname="tests.unit.core.test_error_code_contract" name="test_the_classless_codes_are_a_closed_inventory" time="0.000" /><testcase classname="tests.unit.core.test_redaction" name="test_secret_named_keys_are_removed[password]" time="0.000" /><testcase classname="tests.unit.core.test_redaction" name="test_secret_named_keys_are_removed[Password]" time="0.000" /><testcase classname="tests.unit.core.test_redaction" name="test_secret_named_keys_are_removed[PASSWORD]" time="0.000" /><testcase classname="tests.unit.core.test_redaction" name="test_secret_named_keys_are_removed[passwd]" time="0.000" /><testcase classname="tests.unit.core.test_redaction" name="test_secret_named_keys_are_removed[user_password]" time="0.000" /><testcase classname="tests.unit.core.test_redaction" name="test_secret_named_keys_are_removed[refresh_token]" time="0.000" /><testcase classname="tests.unit.core.test_redaction" name="test_secret_named_keys_are_removed[access_token]" time="0.000" /><testcase classname="tests.unit.core.test_redaction" name="test_secret_named_keys_are_removed[token]" time="0.000" /><testcase classname="tests.unit.core.test_redaction" name="test_secret_named_keys_are_removed[api_key]" time="0.000" /><testcase classname="tests.unit.core.test_redaction" name="test_secret_named_keys_are_removed[apiKey]" time="0.000" /><testcase classname="tests.unit.core.test_redaction" name="test_secret_named_keys_are_removed[client_secret]" time="0.000" /><testcase classname="tests.unit.core.test_redaction" name="test_secret_named_keys_are_removed[authorization]" time="0.000" /><testcase classname="tests.unit.core.test_redaction" name="test_secret_named_keys_are_removed[db_password]" time="0.000" /><testcase classname="tests.unit.core.test_redaction" name="test_secret_named_keys_are_removed[secret]" time="0.001" /><testcase classname="tests.unit.core.test_redaction" name="test_secret_named_keys_are_removed[private_key]" time="0.001" /><testcase classname="tests.unit.core.test_redaction" name="test_secret_named_keys_are_removed[jwt]" time="0.000" /><testcase classname="tests.unit.core.test_redaction" name="test_secret_named_keys_are_removed[cookie]" time="0.000" /><testcase classname="tests.unit.core.test_redaction" name="test_allowlisted_keys_are_not_over_redacted[token_input]" time="0.000" /><testcase classname="tests.unit.core.test_redaction" name="test_allowlisted_keys_are_not_over_redacted[token_output]" time="0.000" /><testcase classname="tests.unit.core.test_redaction" name="test_allowlisted_keys_are_not_over_redacted[token_count]" time="0.000" /><testcase classname="tests.unit.core.test_redaction" name="test_allowlisted_keys_are_not_over_redacted[signature_valid]" time="0.000" /><testcase classname="tests.unit.core.test_redaction" name="test_allowlisted_keys_are_not_over_redacted[authorization_status]" time="0.000" /><testcase classname="tests.unit.core.test_redaction" name="test_credentials_and_pii_in_free_text_are_scrubbed_even_in_audit[contact me at alice@example.com-alice@example.com]" time="0.001" /><testcase classname="tests.unit.core.test_redaction" name="test_credentials_and_pii_in_free_text_are_scrubbed_even_in_audit[call 13812345678 now-13812345678]" time="0.000" /><testcase classname="tests.unit.core.test_redaction" name="test_credentials_and_pii_in_free_text_are_scrubbed_even_in_audit[token is eyJhbGciOiJIUzI1NiJ9.eyJzdWIiOiIxIn0.abcdefghij-eyJhbGciOiJIUzI1NiJ9]" time="0.000" /><testcase classname="tests.unit.core.test_redaction" name="test_credentials_and_pii_in_free_text_are_scrubbed_even_in_audit[Authorization: Bearer abcdef1234567890xyz-abcdef1234567890xyz]" time="0.001" /><testcase classname="tests.unit.core.test_redaction" name="test_credentials_and_pii_in_free_text_are_scrubbed_even_in_audit[key AKIAIOSFODNN7EXAMPLE-AKIAIOSFODNN7EXAMPLE]" time="0.000" /><testcase classname="tests.unit.core.test_redaction" name="test_credentials_and_pii_in_free_text_are_scrubbed_even_in_audit[key sk-proj-abcdefghijklmnopqrstuvwx-sk-proj-abcdefghijklmnopqrstuvwx]" time="0.001" /><testcase classname="tests.unit.core.test_redaction" name="test_credentials_and_pii_in_free_text_are_scrubbed_even_in_audit[mysql://root:hunter2@db:3306/shop-hunter2]" time="0.001" /><testcase classname="tests.unit.core.test_redaction" name="test_credentials_and_pii_in_free_text_are_scrubbed_even_in_audit[id 11010119900307123X-11010119900307123X]" time="0.000" /><testcase classname="tests.unit.core.test_redaction" name="test_secrets_in_values_are_caught_even_with_an_innocent_key" time="0.000" /><testcase classname="tests.unit.core.test_redaction" name="test_pii_fields_are_masked_in_audit_purpose" time="0.000" /><testcase classname="tests.unit.core.test_redaction" name="test_outbound_purposes_remove_pii_entirely[llm]" time="0.000" /><testcase classname="tests.unit.core.test_redaction" name="test_outbound_purposes_remove_pii_entirely[mcp]" time="0.000" /><testcase classname="tests.unit.core.test_redaction" name="test_outbound_purposes_remove_pii_entirely[trace]" time="0.000" /><testcase classname="tests.unit.core.test_redaction" name="test_llm_and_trace_helpers_are_the_strict_variants" time="0.000" /><testcase classname="tests.unit.core.test_redaction" name="test_mask_email_keeps_the_domain_only" time="0.000" /><testcase classname="tests.unit.core.test_redaction" name="test_mask_phone_keeps_the_ends_and_drops_the_middle" time="0.000" /><testcase classname="tests.unit.core.test_redaction" name="test_mask_name_keeps_the_first_character_and_masks_every_name" time="0.000" /><testcase classname="tests.unit.core.test_redaction" name="test_chain_of_thought_keys_are_withheld[chain_of_thought]" time="0.000" /><testcase classname="tests.unit.core.test_redaction" name="test_chain_of_thought_keys_are_withheld[reasoning_trace]" time="0.000" /><testcase classname="tests.unit.core.test_redaction" name="test_chain_of_thought_keys_are_withheld[raw_reasoning]" time="0.000" /><testcase classname="tests.unit.core.test_redaction" name="test_chain_of_thought_keys_are_withheld[scratchpad]" time="0.000" /><testcase classname="tests.unit.core.test_redaction" name="test_chain_of_thought_keys_are_withheld[internal_thought]" time="0.000" /><testcase classname="tests.unit.core.test_redaction" name="test_redaction_does_not_mutate_the_input" time="0.000" /><testcase classname="tests.unit.core.test_redaction" name="test_nested_structures_are_redacted_recursively" time="0.000" /><testcase classname="tests.unit.core.test_redaction" name="test_no_secret_survives_a_realistic_mixed_payload" time="0.001" /><testcase classname="tests.unit.core.test_redaction" name="test_assertion_helper_detects_a_deliberately_unredacted_secret" time="0.000" /><testcase classname="tests.unit.core.test_redaction" name="test_deeply_nested_payload_is_truncated_rather_than_unbounded" time="0.000" /><testcase classname="tests.unit.core.test_redaction" name="test_long_strings_are_truncated" time="0.013" /><testcase classname="tests.unit.core.test_redaction" name="test_long_sequences_are_bounded" time="0.001" /><testcase classname="tests.unit.core.test_redaction" name="test_binary_and_exotic_values_do_not_crash_the_layer" time="0.001" /><testcase classname="tests.unit.core.test_settings_contract" name="test_env_example_is_not_empty" time="0.001" /><testcase classname="tests.unit.core.test_settings_contract" name="test_every_settings_field_is_documented" time="0.000" /><testcase classname="tests.unit.core.test_settings_contract" name="test_every_documented_key_is_a_settings_field" time="0.001" /><testcase classname="tests.unit.core.test_settings_contract" name="test_env_file_paths_are_anchored_to_the_source_tree" time="0.000" /><testcase classname="tests.unit.core.test_settings_contract" name="test_settings_load_independently_of_cwd" time="0.013" /><testcase classname="tests.unit.core.test_settings_contract" name="test_derived_urls_are_assembled_from_components" time="0.008" /><testcase classname="tests.unit.core.test_settings_contract" name="test_explicit_database_url_wins_over_components" time="0.008" /><testcase classname="tests.unit.core.test_settings_contract" name="test_production_rejects_placeholder_jwt_secret[prod]" time="0.008" /><testcase classname="tests.unit.core.test_settings_contract" name="test_production_rejects_placeholder_jwt_secret[staging]" time="0.008" /><testcase classname="tests.unit.core.test_settings_contract" name="test_production_requires_secure_refresh_cookie" time="0.008" /><testcase classname="tests.unit.core.test_settings_contract" name="test_production_rejects_debug_and_fake_providers" time="0.008" /><testcase classname="tests.unit.core.test_settings_contract" name="test_production_cannot_disable_dns_rebinding_protection" time="0.008" /><testcase classname="tests.unit.core.test_settings_contract" name="test_valid_production_configuration_is_accepted" time="0.008" /><testcase classname="tests.unit.core.test_settings_contract" name="test_mock_payment_surface_is_refused_in_staging_and_prod" time="0.015" /><testcase classname="tests.unit.core.test_settings_contract" name="test_mock_payment_surface_is_allowed_in_dev_and_test" time="0.029" /><testcase classname="tests.unit.core.test_settings_contract" name="test_chunk_overlap_must_be_smaller_than_chunk_size" time="0.008" /><testcase classname="tests.unit.core.test_settings_contract" name="test_csv_settings_accept_both_forms" time="0.015" /><testcase classname="tests.unit.core.test_settings_contract" name="test_log_level_is_normalised_and_validated" time="0.015" /><testcase classname="tests.unit.core.test_settings_contract" name="test_secrets_are_not_exposed_by_repr" time="0.008" /><testcase classname="tests.unit.core.test_settings_contract" name="test_all_buckets_are_distinct" time="0.007" /><testcase classname="tests.unit.modules.aftersales.test_refund_split" name="test_split_sums_exactly_on_a_repeating_amount" time="0.002" /><testcase classname="tests.unit.modules.aftersales.test_refund_split" name="test_split_puts_the_remainder_on_the_last_line" time="0.000" /><testcase classname="tests.unit.modules.aftersales.test_refund_split" name="test_split_of_one_minor_unit_lands_on_the_last_line" time="0.000" /><testcase classname="tests.unit.modules.aftersales.test_refund_split" name="test_split_always_partitions_the_amount[1-payables0]" time="0.000" /><testcase classname="tests.unit.modules.aftersales.test_refund_split" name="test_split_always_partitions_the_amount[7-payables1]" time="0.000" /><testcase classname="tests.unit.modules.aftersales.test_refund_split" name="test_split_always_partitions_the_amount[13-payables2]" time="0.000" /><testcase classname="tests.unit.modules.aftersales.test_refund_split" name="test_split_always_partitions_the_amount[999999-payables3]" time="0.000" /><testcase classname="tests.unit.modules.aftersales.test_refund_split" name="test_split_always_partitions_the_amount[3-payables4]" time="0.000" /><testcase classname="tests.unit.modules.aftersales.test_refund_split" name="test_split_never_places_money_on_a_zero_capacity_line" time="0.000" /><testcase classname="tests.unit.modules.aftersales.test_refund_split" name="test_split_refuses_more_than_the_total_capacity" time="0.000" /><testcase classname="tests.unit.modules.aftersales.test_refund_split" name="test_split_stays_within_every_line_capacity_on_a_part_refunded_order" time="0.000" /><testcase classname="tests.unit.modules.aftersales.test_refund_split" name="test_split_shares_are_sorted_by_line_id" time="0.000" /><testcase classname="tests.unit.modules.aftersales.test_refund_split" name="test_split_refuses_a_non_positive_amount" time="0.000" /><testcase classname="tests.unit.modules.aftersales.test_refund_split" name="test_split_refuses_when_there_is_no_line_to_place_money_on" time="0.000" /><testcase classname="tests.unit.modules.aftersales.test_refund_split" name="test_per_line_cap_allows_a_share_equal_to_the_remaining_payable" time="0.000" /><testcase classname="tests.unit.modules.aftersales.test_refund_split" name="test_per_line_cap_refuses_one_minor_unit_over" time="0.000" /><testcase classname="tests.unit.modules.aftersales.test_refund_split" name="test_per_line_cap_is_cumulative_across_refunds" time="0.000" /><testcase classname="tests.unit.modules.aftersales.test_refund_split" name="test_return_refund_moves_the_claimed_units_back" time="0.000" /><testcase classname="tests.unit.modules.aftersales.test_refund_split" name="test_refund_only_moves_no_stock" time="0.000" /><testcase classname="tests.unit.modules.aftersales.test_refund_split" name="test_a_line_that_received_no_money_moves_no_stock" time="0.000" /><testcase classname="tests.unit.modules.aftersales.test_refund_split" name="test_return_in_key_is_deterministic_and_per_line" time="0.000" /><testcase classname="tests.unit.modules.fulfillment.test_ship_request" name="test_a_valid_body_is_accepted" time="0.000" /><testcase classname="tests.unit.modules.fulfillment.test_ship_request" name="test_the_model_has_exactly_three_fields" time="0.000" /><testcase classname="tests.unit.modules.fulfillment.test_ship_request" name="test_a_client_cannot_set_a_server_owned_field[fulfillment_status]" time="0.000" /><testcase classname="tests.unit.modules.fulfillment.test_ship_request" name="test_a_client_cannot_set_a_server_owned_field[shipped_at]" time="0.000" /><testcase classname="tests.unit.modules.fulfillment.test_ship_request" name="test_a_client_cannot_set_a_server_owned_field[order_id]" time="0.000" /><testcase classname="tests.unit.modules.fulfillment.test_ship_request" name="test_a_client_cannot_set_a_server_owned_field[order_no]" time="0.000" /><testcase classname="tests.unit.modules.fulfillment.test_ship_request" name="test_a_client_cannot_set_a_server_owned_field[merchant_id]" time="0.000" /><testcase classname="tests.unit.modules.fulfillment.test_ship_request" name="test_a_client_cannot_set_a_server_owned_field[warehouse_id]" time="0.000" /><testcase classname="tests.unit.modules.fulfillment.test_ship_request" name="test_a_client_cannot_set_a_server_owned_field[fulfillment_no]" time="0.000" /><testcase classname="tests.unit.modules.fulfillment.test_ship_request" name="test_a_client_cannot_set_a_server_owned_field[id]" time="0.000" /><testcase classname="tests.unit.modules.fulfillment.test_ship_request" name="test_a_client_cannot_set_a_server_owned_field[package_count]" time="0.000" /><testcase classname="tests.unit.modules.fulfillment.test_ship_request" name="test_a_client_cannot_set_a_server_owned_field[remark]" time="0.000" /><testcase classname="tests.unit.modules.fulfillment.test_ship_request" name="test_a_client_cannot_set_a_server_owned_field[delivered_at]" time="0.000" /><testcase classname="tests.unit.modules.fulfillment.test_ship_request" name="test_a_client_cannot_set_a_server_owned_field[created_at]" time="0.000" /><testcase classname="tests.unit.modules.fulfillment.test_ship_request" name="test_a_ship_line_carries_only_a_line_and_a_quantity" time="0.000" /><testcase classname="tests.unit.modules.fulfillment.test_ship_request" name="test_a_client_cannot_set_a_server_owned_field_on_a_line[sku_id]" time="0.000" /><testcase classname="tests.unit.modules.fulfillment.test_ship_request" name="test_a_client_cannot_set_a_server_owned_field_on_a_line[quantity_shipped]" time="0.000" /><testcase classname="tests.unit.modules.fulfillment.test_ship_request" name="test_a_client_cannot_set_a_server_owned_field_on_a_line[price]" time="0.000" /><testcase classname="tests.unit.modules.fulfillment.test_ship_request" name="test_a_client_cannot_set_a_server_owned_field_on_a_line[payable_amount]" time="0.000" /><testcase classname="tests.unit.modules.fulfillment.test_ship_request" name="test_at_least_one_line_is_required" time="0.000" /><testcase classname="tests.unit.modules.fulfillment.test_ship_request" name="test_a_line_count_is_bounded" time="0.000" /><testcase classname="tests.unit.modules.fulfillment.test_ship_request" name="test_a_non_positive_quantity_is_refused[0]" time="0.000" /><testcase classname="tests.unit.modules.fulfillment.test_ship_request" name="test_a_non_positive_quantity_is_refused[-1]" time="0.000" /><testcase classname="tests.unit.modules.fulfillment.test_ship_request" name="test_a_non_positive_order_item_id_is_refused" time="0.000" /><testcase classname="tests.unit.modules.fulfillment.test_ship_request" name="test_the_same_line_twice_is_refused" time="0.000" /><testcase classname="tests.unit.modules.fulfillment.test_ship_request" name="test_distinct_lines_are_accepted" time="0.000" /><testcase classname="tests.unit.modules.fulfillment.test_ship_request" name="test_a_known_carrier_is_accepted" time="0.000" /><testcase classname="tests.unit.modules.fulfillment.test_ship_request" name="test_a_human_typed_carrier_is_normalised_not_rejected[sf]" time="0.001" /><testcase classname="tests.unit.modules.fulfillment.test_ship_request" name="test_a_human_typed_carrier_is_normalised_not_rejected[ SF ]" time="0.000" /><testcase classname="tests.unit.modules.fulfillment.test_ship_request" name="test_a_human_typed_carrier_is_normalised_not_rejected[\tsf\n]" time="0.000" /><testcase classname="tests.unit.modules.fulfillment.test_ship_request" name="test_a_human_typed_carrier_is_normalised_not_rejected[Yto]" time="0.000" /><testcase classname="tests.unit.modules.fulfillment.test_ship_request" name="test_an_unknown_carrier_is_refused[DHL]" time="0.000" /><testcase classname="tests.unit.modules.fulfillment.test_ship_request" name="test_an_unknown_carrier_is_refused[SF Express]" time="0.000" /><testcase classname="tests.unit.modules.fulfillment.test_ship_request" name="test_an_unknown_carrier_is_refused[\u987a\u4e30]" time="0.000" /><testcase classname="tests.unit.modules.fulfillment.test_ship_request" name="test_an_unknown_carrier_is_refused[]" time="0.001" /><testcase classname="tests.unit.modules.fulfillment.test_ship_request" name="test_an_unknown_carrier_is_refused[  ]" time="0.000" /><testcase classname="tests.unit.modules.fulfillment.test_ship_request" name="test_an_unknown_carrier_is_refused[SF;DROP TABLE]" time="0.000" /><testcase classname="tests.unit.modules.fulfillment.test_ship_request" name="test_an_unknown_carrier_in_a_body_is_a_validation_error" time="0.000" /><testcase classname="tests.unit.modules.fulfillment.test_ship_request" name="test_the_stored_carrier_is_the_code_not_what_was_typed" time="0.000" /><testcase classname="tests.unit.modules.fulfillment.test_ship_request" name="test_the_carrier_vocabulary_is_stable" time="0.000" /><testcase classname="tests.unit.modules.fulfillment.test_ship_request" name="test_an_unshipped_package_may_have_no_carrier" time="0.000" /><testcase classname="tests.unit.modules.fulfillment.test_ship_request" name="test_max_tracking_length_is_the_column_width" time="0.000" /><testcase classname="tests.unit.modules.fulfillment.test_ship_request" name="test_a_blank_tracking_number_is_refused[]" time="0.000" /><testcase classname="tests.unit.modules.fulfillment.test_ship_request" name="test_a_blank_tracking_number_is_refused[   ]" time="0.000" /><testcase classname="tests.unit.modules.fulfillment.test_ship_request" name="test_a_blank_tracking_number_is_refused[\t\n]" time="0.000" /><testcase classname="tests.unit.modules.fulfillment.test_ship_request" name="test_a_padded_tracking_number_is_stored_trimmed" time="0.000" /><testcase classname="tests.unit.modules.fulfillment.test_ship_rules" name="test_nothing_shipped_is_unfulfilled" time="0.000" /><testcase classname="tests.unit.modules.fulfillment.test_ship_rules" name="test_some_shipped_is_partial" time="0.000" /><testcase classname="tests.unit.modules.fulfillment.test_ship_rules" name="test_everything_shipped_is_shipped" time="0.000" /><testcase classname="tests.unit.modules.fulfillment.test_ship_rules" name="test_the_axis_is_derived_from_every_line_not_the_shipped_one" time="0.000" /><testcase classname="tests.unit.modules.fulfillment.test_ship_rules" name="test_a_fully_shipped_order_with_one_line_at_zero_is_still_partial" time="0.000" /><testcase classname="tests.unit.modules.fulfillment.test_ship_rules" name="test_an_untouched_second_line_keeps_the_order_unfulfilled" time="0.000" /><testcase classname="tests.unit.modules.fulfillment.test_ship_rules" name="test_over_shipping_is_reported_as_shipped_not_partial" time="0.000" /><testcase classname="tests.unit.modules.fulfillment.test_ship_rules" name="test_delivered_is_terminal" time="0.000" /><testcase classname="tests.unit.modules.fulfillment.test_ship_rules" name="test_shipped_is_not_sticky" time="0.000" /><testcase classname="tests.unit.modules.fulfillment.test_ship_rules" name="test_an_order_with_no_lines_is_unfulfilled" time="0.001" /><testcase classname="tests.unit.modules.fulfillment.test_ship_rules" name="test_a_package_line_for_an_unknown_order_line_is_ignored" time="0.000" /><testcase classname="tests.unit.modules.fulfillment.test_ship_rules" name="test_a_full_shipment_leaves_no_residual" time="0.000" /><testcase classname="tests.unit.modules.fulfillment.test_ship_rules" name="test_a_partial_shipment_leaves_the_remainder" time="0.000" /><testcase classname="tests.unit.modules.fulfillment.test_ship_rules" name="test_a_line_held_back_entirely_becomes_the_residual" time="0.000" /><testcase classname="tests.unit.modules.fulfillment.test_ship_rules" name="test_the_residual_is_per_line" time="0.000" /><testcase classname="tests.unit.modules.fulfillment.test_ship_rules" name="test_zero_quantity_entries_are_dropped" time="0.000" /><testcase classname="tests.unit.modules.fulfillment.test_ship_rules" name="test_requesting_a_line_the_package_does_not_carry_is_refused" time="0.000" /><testcase classname="tests.unit.modules.fulfillment.test_ship_rules" name="test_requesting_more_than_the_package_holds_is_refused" time="0.000" /><testcase classname="tests.unit.modules.fulfillment.test_ship_rules" name="test_an_empty_request_is_a_complete_residual" time="0.000" /><testcase classname="tests.unit.modules.order.test_schemas" name="test_a_client_cannot_name_its_own_price[unit_price]" time="0.001" /><testcase classname="tests.unit.modules.order.test_schemas" name="test_a_client_cannot_name_its_own_price[price_amount]" time="0.001" /><testcase classname="tests.unit.modules.order.test_schemas" name="test_a_client_cannot_name_its_own_price[promotion_discount_amount]" time="0.000" /><testcase classname="tests.unit.modules.order.test_schemas" name="test_a_client_cannot_name_its_own_price[coupon_discount_amount]" time="0.001" /><testcase classname="tests.unit.modules.order.test_schemas" name="test_a_client_cannot_name_its_own_price[allocated_discount_amount]" time="0.000" /><testcase classname="tests.unit.modules.order.test_schemas" name="test_a_client_cannot_name_its_own_price[payable_amount]" time="0.001" /><testcase classname="tests.unit.modules.order.test_schemas" name="test_a_client_cannot_name_its_own_price[original_amount]" time="0.000" /><testcase classname="tests.unit.modules.order.test_schemas" name="test_a_client_cannot_name_its_own_price[shipping_amount]" time="0.001" /><testcase classname="tests.unit.modules.order.test_schemas" name="test_a_client_cannot_name_its_own_price[paid_amount]" time="0.000" /><testcase classname="tests.unit.modules.order.test_schemas" name="test_a_client_cannot_name_its_own_price[refunded_amount]" time="0.000" /><testcase classname="tests.unit.modules.order.test_schemas" name="test_a_client_cannot_name_its_own_price[discount_amount]" time="0.000" /><testcase classname="tests.unit.modules.order.test_schemas" name="test_a_client_cannot_set_server_owned_fields[user_id]" time="0.001" /><testcase classname="tests.unit.modules.order.test_schemas" name="test_a_client_cannot_set_server_owned_fields[merchant_id]" time="0.001" /><testcase classname="tests.unit.modules.order.test_schemas" name="test_a_client_cannot_set_server_owned_fields[order_status]" time="0.000" /><testcase classname="tests.unit.modules.order.test_schemas" name="test_a_client_cannot_set_server_owned_fields[payment_status]" time="0.000" /><testcase classname="tests.unit.modules.order.test_schemas" name="test_a_client_cannot_set_server_owned_fields[order_no]" time="0.000" /><testcase classname="tests.unit.modules.order.test_schemas" name="test_a_client_cannot_set_server_owned_fields[id]" time="0.000" /><testcase classname="tests.unit.modules.order.test_schemas" name="test_a_line_carries_only_a_sku_and_a_quantity" time="0.000" /><testcase classname="tests.unit.modules.order.test_schemas" name="test_create_forbids_a_price_on_the_line_too" time="0.000" /><testcase classname="tests.unit.modules.order.test_schemas" name="test_client_request_id_is_required_on_create" time="0.000" /><testcase classname="tests.unit.modules.order.test_schemas" name="test_client_request_id_is_not_part_of_preview" time="0.000" /><testcase classname="tests.unit.modules.order.test_schemas" name="test_a_blank_client_request_id_is_refused" time="0.000" /><testcase classname="tests.unit.modules.order.test_schemas" name="test_client_request_id_is_stripped_not_merely_accepted" time="0.000" /><testcase classname="tests.unit.modules.order.test_schemas" name="test_address_id_is_required_on_create" time="0.000" /><testcase classname="tests.unit.modules.order.test_schemas" name="test_address_id_may_be_omitted_on_preview" time="0.000" /><testcase classname="tests.unit.modules.order.test_schemas" name="test_a_non_positive_address_id_is_refused_on_both" time="0.000" /><testcase classname="tests.unit.modules.order.test_schemas" name="test_client_request_id_longer_than_the_column_is_refused" time="0.000" /><testcase classname="tests.unit.modules.order.test_schemas" name="test_an_order_needs_at_least_one_line" time="0.000" /><testcase classname="tests.unit.modules.order.test_schemas" name="test_a_non_positive_quantity_is_refused" time="0.000" /><testcase classname="tests.unit.modules.order.test_schemas" name="test_the_line_count_is_bounded" time="0.000" /><testcase classname="tests.unit.modules.order.test_schemas" name="test_duplicate_skus_are_accepted_here_and_merged_later" time="0.000" /><testcase classname="tests.unit.modules.order.test_schemas" name="test_iso_millis_matches_the_frozen_example" time="0.000" /><testcase classname="tests.unit.modules.order.test_schemas" name="test_iso_millis_truncates_rather_than_rounds" time="0.000" /><testcase classname="tests.unit.modules.order.test_schemas" name="test_iso_millis_normalises_a_non_utc_offset" time="0.000" /><testcase classname="tests.unit.modules.order.test_schemas" name="test_iso_millis_treats_a_naive_value_as_utc" time="0.000" /><testcase classname="tests.unit.modules.order.test_schemas" name="test_the_wire_field_uses_the_three_digit_encoding" time="0.000" /><testcase classname="tests.unit.modules.order.test_schemas" name="test_the_annotated_alias_exists_for_direct_use" time="0.000" /><testcase classname="tests.unit.modules.order.test_schemas" name="test_total_pages_is_zero_for_an_empty_result" time="0.000" /><testcase classname="tests.unit.modules.order.test_schemas" name="test_total_pages_uses_ceiling_division" time="0.000" /><testcase classname="tests.unit.modules.order.test_schemas" name="test_a_summary_with_an_unknown_order_status_fails_loudly" time="0.000" /><testcase classname="tests.unit.modules.order.test_schemas" name="test_an_item_with_an_unknown_after_sale_status_fails_loudly" time="0.000" /><testcase classname="tests.unit.modules.order.test_schemas" name="test_order_detail_requires_the_server_owned_refundable_amount" time="0.000" /><testcase classname="tests.unit.modules.order.test_schemas" name="test_order_detail_carries_no_status_logs_and_no_raw_address_snapshot" time="0.000" /><testcase classname="tests.unit.modules.order.test_schemas" name="test_preview_out_carries_warnings_as_codes" time="0.000" /><testcase classname="tests.unit.modules.order.test_serializers" name="test_a_summary_masks_the_receiver" time="0.015" /><testcase classname="tests.unit.modules.order.test_serializers" name="test_the_detail_masks_the_receiver_too" time="0.001" /><testcase classname="tests.unit.modules.order.test_serializers" name="test_no_raw_pii_leaks_anywhere_in_the_payload" time="0.001" /><testcase classname="tests.unit.modules.order.test_serializers" name="test_the_detail_exposes_the_masked_address_snapshot" time="0.001" /><testcase classname="tests.unit.modules.order.test_serializers" name="test_the_snapshot_is_read_whatever_shape_it_has" time="0.000" /><testcase classname="tests.unit.modules.order.test_serializers" name="test_a_missing_snapshot_is_none_not_an_empty_string" time="0.001" /><testcase classname="tests.unit.modules.order.test_serializers" name="test_mask_full_address_is_idempotent_in_shape" time="0.000" /><testcase classname="tests.unit.modules.order.test_serializers" name="test_refundable_amount_comes_from_the_order_not_from_here" time="0.001" /><testcase classname="tests.unit.modules.order.test_serializers" name="test_refundable_amount_never_goes_negative" time="0.001" /><testcase classname="tests.unit.modules.order.test_serializers" name="test_cancel_reason_is_null_until_the_order_is_cancelled" time="0.001" /><testcase classname="tests.unit.modules.order.test_serializers" name="test_shipments_is_empty_in_phase_4_and_is_a_list_not_none" time="0.000" /><testcase classname="tests.unit.modules.order.test_serializers" name="test_fulfillments_are_projected_when_supplied" time="0.001" /><testcase classname="tests.unit.modules.order.test_serializers" name="test_the_summary_carries_no_line_items" time="0.000" /><testcase classname="tests.unit.modules.order.test_serializers" name="test_the_read_path_touches_no_catalogue_row" time="0.000" /><testcase classname="tests.unit.modules.order.test_serializers" name="test_the_serializer_does_not_import_the_catalogue_module" time="0.001" /><testcase classname="tests.unit.modules.order.test_serializers" name="test_preview_maps_the_authority_answer_verbatim" time="0.000" /><testcase classname="tests.unit.modules.order.test_serializers" name="test_preview_splits_the_discount_through_the_authority_accessors" time="0.000" /><testcase classname="tests.unit.modules.order.test_serializers" name="test_preview_warnings_are_codes_not_sentences" time="0.000" /><testcase classname="tests.unit.modules.order.test_serializers" name="test_masking_never_echoes_a_short_value_back[receiver_name]" time="0.001" /><testcase classname="tests.unit.modules.order.test_serializers" name="test_masking_never_echoes_a_short_value_back[receiver_phone]" time="0.001" /><testcase classname="tests.unit.modules.order.test_serializers" name="test_a_short_phone_number_is_redacted_rather_than_masked" time="0.000" /><testcase classname="tests.unit.modules.order.test_state_machine" name="test_transition_table_matches_the_frozen_contract" time="0.000" /><testcase classname="tests.unit.modules.order.test_state_machine" name="test_every_legal_edge_is_permitted" time="0.000" /><testcase classname="tests.unit.modules.order.test_state_machine" name="test_every_illegal_edge_is_refused" time="0.001" /><testcase classname="tests.unit.modules.order.test_state_machine" name="test_a_self_transition_is_not_allowed" time="0.000" /><testcase classname="tests.unit.modules.order.test_state_machine" name="test_cancelled_and_closed_are_terminal" time="0.000" /><testcase classname="tests.unit.modules.order.test_state_machine" name="test_allowed_targets_is_exposed_for_the_console" time="0.000" /><testcase classname="tests.unit.modules.order.test_state_machine" name="test_a_refusal_names_both_states_and_the_legal_set" time="0.000" /><testcase classname="tests.unit.modules.order.test_state_machine" name="test_a_raw_string_from_the_database_is_accepted" time="0.000" /><testcase classname="tests.unit.modules.order.test_state_machine" name="test_the_guard_returns_the_enum_not_the_input" time="0.000" /><testcase classname="tests.unit.modules.order.test_state_machine" name="test_an_unrecognised_status_is_refused_rather_than_raising_valueerror" time="0.000" /><testcase classname="tests.unit.modules.order.test_state_machine" name="test_an_unknown_target_is_refused" time="0.000" /><testcase classname="tests.unit.modules.order.test_state_machine" name="test_cancel_always_answers_50010" time="0.000" /><testcase classname="tests.unit.modules.order.test_state_machine" name="test_confirm_receipt_always_answers_50011" time="0.000" /><testcase classname="tests.unit.modules.order.test_state_machine" name="test_the_two_guarded_codes_are_distinct" time="0.000" /><testcase classname="tests.unit.modules.order.test_state_machine" name="test_the_namespace_exposes_the_same_behaviour" time="0.000" /><testcase classname="tests.unit.modules.order.test_state_machine" name="test_fulfillment_statuses_are_not_inputs_to_the_guard" time="0.000" /><testcase classname="tests.unit.modules.order.test_workflow_helpers" name="test_duplicate_skus_are_summed" time="0.000" /><testcase classname="tests.unit.modules.order.test_workflow_helpers" name="test_merging_preserves_first_seen_order" time="0.000" /><testcase classname="tests.unit.modules.order.test_workflow_helpers" name="test_an_empty_selection_is_refused" time="0.000" /><testcase classname="tests.unit.modules.order.test_workflow_helpers" name="test_a_non_positive_quantity_is_refused[0]" time="0.000" /><testcase classname="tests.unit.modules.order.test_workflow_helpers" name="test_a_non_positive_quantity_is_refused[-1]" time="0.000" /><testcase classname="tests.unit.modules.order.test_workflow_helpers" name="test_a_non_positive_quantity_is_refused[-100]" time="0.000" /><testcase classname="tests.unit.modules.order.test_workflow_helpers" name="test_merging_is_idempotent" time="0.000" /><testcase classname="tests.unit.modules.order.test_workflow_helpers" name="test_the_hash_is_stable_across_calls" time="0.000" /><testcase classname="tests.unit.modules.order.test_workflow_helpers" name="test_the_hash_ignores_the_order_of_the_lines" time="0.000" /><testcase classname="tests.unit.modules.order.test_workflow_helpers" name="test_the_hash_is_a_sha256_hex_digest" time="0.000" /><testcase classname="tests.unit.modules.order.test_workflow_helpers" name="test_the_hash_binds_the_buyer" time="0.000" /><testcase classname="tests.unit.modules.order.test_workflow_helpers" name="test_a_different_body_hashes_differently[address_id-10]" time="0.000" /><testcase classname="tests.unit.modules.order.test_workflow_helpers" name="test_a_different_body_hashes_differently[coupon_id-5]" time="0.000" /><testcase classname="tests.unit.modules.order.test_workflow_helpers" name="test_a_different_body_hashes_differently[remark-please hurry]" time="0.000" /><testcase classname="tests.unit.modules.order.test_workflow_helpers" name="test_a_different_body_hashes_differently[items-changed3]" time="0.000" /><testcase classname="tests.unit.modules.order.test_workflow_helpers" name="test_a_different_body_hashes_differently[items-changed4]" time="0.000" /><testcase classname="tests.unit.modules.order.test_workflow_helpers" name="test_an_absent_remark_equals_an_empty_one" time="0.000" /><testcase classname="tests.unit.modules.order.test_workflow_helpers" name="test_two_coupons_that_are_both_absent_are_equal" time="0.000" /><testcase classname="tests.unit.modules.order.test_workflow_helpers" name="test_lock_keys_are_deterministic_and_sku_scoped" time="0.000" /><testcase classname="tests.unit.modules.order.test_workflow_helpers" name="test_release_keys_are_order_no_scoped" time="0.000" /><testcase classname="tests.unit.modules.order.test_workflow_helpers" name="test_a_lock_key_and_a_release_key_never_collide" time="0.000" /><testcase classname="tests.unit.modules.order.test_workflow_helpers" name="test_the_retention_window_is_a_positive_timedelta" time="0.000" /><testcase classname="tests.unit.modules.order.test_workflow_helpers" name="test_no_rules_and_no_coupon_is_the_live_http_path" time="0.000" /><testcase classname="tests.unit.modules.order.test_workflow_helpers" name="test_a_coupon_without_a_resolver_is_refused_loudly" time="0.000" /><testcase classname="tests.unit.modules.order.test_workflow_helpers" name="test_a_matching_resolved_rule_is_accepted" time="0.000" /><testcase classname="tests.unit.modules.order.test_workflow_helpers" name="test_a_mismatched_coupon_rule_is_refused" time="0.000" /><testcase classname="tests.unit.modules.payment.test_domain_contracts" name="test_every_payment_error_uses_a_6xxxx_code[PAYMENT_NOT_FOUND]" time="0.001" /><testcase classname="tests.unit.modules.payment.test_domain_contracts" name="test_every_payment_error_uses_a_6xxxx_code[PAYMENT_ALREADY_PAID]" time="0.000" /><testcase classname="tests.unit.modules.payment.test_domain_contracts" name="test_every_payment_error_uses_a_6xxxx_code[PAYMENT_AMOUNT_MISMATCH]" time="0.000" /><testcase classname="tests.unit.modules.payment.test_domain_contracts" name="test_every_payment_error_uses_a_6xxxx_code[PAYMENT_CALLBACK_INVALID_SIGNATURE]" time="0.000" /><testcase classname="tests.unit.modules.payment.test_domain_contracts" name="test_every_payment_error_uses_a_6xxxx_code[PAYMENT_CALLBACK_DUPLICATE]" time="0.000" /><testcase classname="tests.unit.modules.payment.test_domain_contracts" name="test_every_payment_error_uses_a_6xxxx_code[PAYMENT_CHANNEL_UNSUPPORTED]" time="0.000" /><testcase classname="tests.unit.modules.payment.test_domain_contracts" name="test_every_payment_error_uses_a_6xxxx_code[PAYMENT_MOCK_DISABLED]" time="0.000" /><testcase classname="tests.unit.modules.payment.test_domain_contracts" name="test_every_payment_error_uses_a_6xxxx_code[PAYMENT_STATE_INVALID]" time="0.000" /><testcase classname="tests.unit.modules.payment.test_domain_contracts" name="test_every_payment_error_status_is_the_canonical_one[PAYMENT_NOT_FOUND]" time="0.000" /><testcase classname="tests.unit.modules.payment.test_domain_contracts" name="test_every_payment_error_status_is_the_canonical_one[PAYMENT_ALREADY_PAID]" time="0.000" /><testcase classname="tests.unit.modules.payment.test_domain_contracts" name="test_every_payment_error_status_is_the_canonical_one[PAYMENT_AMOUNT_MISMATCH]" time="0.000" /><testcase classname="tests.unit.modules.payment.test_domain_contracts" name="test_every_payment_error_status_is_the_canonical_one[PAYMENT_CALLBACK_INVALID_SIGNATURE]" time="0.000" /><testcase classname="tests.unit.modules.payment.test_domain_contracts" name="test_every_payment_error_status_is_the_canonical_one[PAYMENT_CALLBACK_DUPLICATE]" time="0.000" /><testcase classname="tests.unit.modules.payment.test_domain_contracts" name="test_every_payment_error_status_is_the_canonical_one[PAYMENT_CHANNEL_UNSUPPORTED]" time="0.000" /><testcase classname="tests.unit.modules.payment.test_domain_contracts" name="test_every_payment_error_status_is_the_canonical_one[PAYMENT_MOCK_DISABLED]" time="0.000" /><testcase classname="tests.unit.modules.payment.test_domain_contracts" name="test_every_payment_error_status_is_the_canonical_one[PAYMENT_STATE_INVALID]" time="0.001" /><testcase classname="tests.unit.modules.payment.test_domain_contracts" name="test_a_duplicate_callback_is_an_idempotent_success_not_an_error" time="0.000" /><testcase classname="tests.unit.modules.payment.test_domain_contracts" name="test_a_bad_signature_is_an_authentication_failure_not_a_validation_one" time="0.000" /><testcase classname="tests.unit.modules.payment.test_domain_contracts" name="test_the_state_guard_has_its_own_code_distinct_from_already_paid" time="0.000" /><testcase classname="tests.unit.modules.payment.test_domain_contracts" name="test_a_foreign_payment_is_not_found_never_forbidden" time="0.000" /><testcase classname="tests.unit.modules.payment.test_domain_contracts" name="test_the_four_frozen_callback_headers_are_the_ones_this_domain_reads" time="0.000" /><testcase classname="tests.unit.modules.payment.test_domain_contracts" name="test_the_provider_is_read_from_the_path_and_not_required_as_a_header" time="0.030" /><testcase classname="tests.unit.modules.payment.test_domain_contracts" name="test_the_callback_route_has_no_bearer_dependency" time="0.000" /><testcase classname="tests.unit.modules.payment.test_domain_contracts" name="test_the_workflow_and_the_repository_agree_about_what_can_be_settled" time="0.000" /><testcase classname="tests.unit.modules.payment.test_domain_contracts" name="test_a_dead_attempt_status_is_not_settleable" time="0.000" /><testcase classname="tests.unit.modules.payment.test_domain_contracts" name="test_the_mock_surface_is_allowed_in_the_development_environments[dev]" time="0.008" /><testcase classname="tests.unit.modules.payment.test_domain_contracts" name="test_the_mock_surface_is_allowed_in_the_development_environments[test]" time="0.008" /><testcase classname="tests.unit.modules.payment.test_domain_contracts" name="test_demo_is_an_unreachable_member_of_the_mock_guard_and_that_is_recorded" time="0.008" /><testcase classname="tests.unit.modules.payment.test_domain_contracts" name="test_the_settings_validator_refuses_the_mock_flag_in_a_hardened_environment[staging]" time="0.008" /><testcase classname="tests.unit.modules.payment.test_domain_contracts" name="test_the_settings_validator_refuses_the_mock_flag_in_a_hardened_environment[prod]" time="0.008" /><testcase classname="tests.unit.modules.payment.test_domain_contracts" name="test_the_endpoint_guard_refuses_even_when_the_validator_was_bypassed[staging]" time="0.001" /><testcase classname="tests.unit.modules.payment.test_domain_contracts" name="test_the_endpoint_guard_refuses_even_when_the_validator_was_bypassed[prod]" time="0.001" /><testcase classname="tests.unit.modules.payment.test_domain_contracts" name="test_the_hardened_baseline_is_otherwise_valid" time="0.008" /><testcase classname="tests.unit.modules.payment.test_domain_contracts" name="test_the_mock_guard_refuses_when_the_flag_is_off_even_in_development" time="0.008" /><testcase classname="tests.unit.modules.payment.test_domain_contracts" name="test_the_mock_guard_is_asked_about_the_environment_not_cached" time="0.015" /><testcase classname="tests.unit.modules.payment.test_domain_contracts" name="test_the_request_hash_depends_on_the_buyer" time="0.001" /><testcase classname="tests.unit.modules.payment.test_domain_contracts" name="test_the_request_hash_ignores_irrelevant_input_ordering" time="0.000" /><testcase classname="tests.unit.modules.payment.test_domain_contracts" name="test_the_request_hash_changes_with_the_channel" time="0.000" /><testcase classname="tests.unit.modules.payment.test_domain_contracts" name="test_the_request_hash_is_a_sha256_hex_digest" time="0.000" /><testcase classname="tests.unit.modules.payment.test_providers" name="test_the_frozen_marker_is_the_one_redaction_already_uses" time="0.000" /><testcase classname="tests.unit.modules.payment.test_providers" name="test_every_key_spelling_the_design_lists_is_treated_as_sensitive[password]" time="0.000" /><testcase classname="tests.unit.modules.payment.test_providers" name="test_every_key_spelling_the_design_lists_is_treated_as_sensitive[passwd]" time="0.001" /><testcase classname="tests.unit.modules.payment.test_providers" name="test_every_key_spelling_the_design_lists_is_treated_as_sensitive[secret]" time="0.000" /><testcase classname="tests.unit.modules.payment.test_providers" name="test_every_key_spelling_the_design_lists_is_treated_as_sensitive[token]" time="0.000" /><testcase classname="tests.unit.modules.payment.test_providers" name="test_every_key_spelling_the_design_lists_is_treated_as_sensitive[authorization]" time="0.000" /><testcase classname="tests.unit.modules.payment.test_providers" name="test_every_key_spelling_the_design_lists_is_treated_as_sensitive[auth]" time="0.000" /><testcase classname="tests.unit.modules.payment.test_providers" name="test_every_key_spelling_the_design_lists_is_treated_as_sensitive[api_key]" time="0.000" /><testcase classname="tests.unit.modules.payment.test_providers" name="test_every_key_spelling_the_design_lists_is_treated_as_sensitive[apikey]" time="0.001" /><testcase classname="tests.unit.modules.payment.test_providers" name="test_every_key_spelling_the_design_lists_is_treated_as_sensitive[sign]" time="0.000" /><testcase classname="tests.unit.modules.payment.test_providers" name="test_every_key_spelling_the_design_lists_is_treated_as_sensitive[signature]" time="0.000" /><testcase classname="tests.unit.modules.payment.test_providers" name="test_every_key_spelling_the_design_lists_is_treated_as_sensitive[private_key]" time="0.001" /><testcase classname="tests.unit.modules.payment.test_providers" name="test_every_key_spelling_the_design_lists_is_treated_as_sensitive[card_no]" time="0.000" /><testcase classname="tests.unit.modules.payment.test_providers" name="test_every_key_spelling_the_design_lists_is_treated_as_sensitive[cardno]" time="0.000" /><testcase classname="tests.unit.modules.payment.test_providers" name="test_every_key_spelling_the_design_lists_is_treated_as_sensitive[pan]" time="0.000" /><testcase classname="tests.unit.modules.payment.test_providers" name="test_every_key_spelling_the_design_lists_is_treated_as_sensitive[cvv]" time="0.000" /><testcase classname="tests.unit.modules.payment.test_providers" name="test_every_key_spelling_the_design_lists_is_treated_as_sensitive[cvv2]" time="0.000" /><testcase classname="tests.unit.modules.payment.test_providers" name="test_every_key_spelling_the_design_lists_is_treated_as_sensitive[cvc]" time="0.000" /><testcase classname="tests.unit.modules.payment.test_providers" name="test_every_key_spelling_the_design_lists_is_treated_as_sensitive[id_card]" time="0.000" /><testcase classname="tests.unit.modules.payment.test_providers" name="test_every_key_spelling_the_design_lists_is_treated_as_sensitive[bank_account]" time="0.000" /><testcase classname="tests.unit.modules.payment.test_providers" name="test_every_key_spelling_the_design_lists_is_treated_as_sensitive[phone]" time="0.000" /><testcase classname="tests.unit.modules.payment.test_providers" name="test_every_key_spelling_the_design_lists_is_treated_as_sensitive[email]" time="0.001" /><testcase classname="tests.unit.modules.payment.test_providers" name="test_every_key_spelling_the_design_lists_is_treated_as_sensitive[key]" time="0.000" /><testcase classname="tests.unit.modules.payment.test_providers" name="test_casing_and_separators_do_not_evade_the_filter[Password]" time="0.000" /><testcase classname="tests.unit.modules.payment.test_providers" name="test_casing_and_separators_do_not_evade_the_filter[PASSWD]" time="0.000" /><testcase classname="tests.unit.modules.payment.test_providers" name="test_casing_and_separators_do_not_evade_the_filter[Authorization]" time="0.000" /><testcase classname="tests.unit.modules.payment.test_providers" name="test_casing_and_separators_do_not_evade_the_filter[API_KEY]" time="0.001" /><testcase classname="tests.unit.modules.payment.test_providers" name="test_casing_and_separators_do_not_evade_the_filter[apiKey]" time="0.000" /><testcase classname="tests.unit.modules.payment.test_providers" name="test_casing_and_separators_do_not_evade_the_filter[Private-Key]" time="0.000" /><testcase classname="tests.unit.modules.payment.test_providers" name="test_casing_and_separators_do_not_evade_the_filter[Sign]" time="0.000" /><testcase classname="tests.unit.modules.payment.test_providers" name="test_casing_and_separators_do_not_evade_the_filter[PAN]" time="0.000" /><testcase classname="tests.unit.modules.payment.test_providers" name="test_a_benign_key_that_merely_contains_a_marker_is_not_sensitive[sign_type]" time="0.000" /><testcase classname="tests.unit.modules.payment.test_providers" name="test_a_benign_key_that_merely_contains_a_marker_is_not_sensitive[trade_no]" time="0.001" /><testcase classname="tests.unit.modules.payment.test_providers" name="test_a_benign_key_that_merely_contains_a_marker_is_not_sensitive[signature_valid]" time="0.001" /><testcase classname="tests.unit.modules.payment.test_providers" name="test_a_benign_key_that_merely_contains_a_marker_is_not_sensitive[tokens]" time="0.001" /><testcase classname="tests.unit.modules.payment.test_providers" name="test_a_benign_key_that_merely_contains_a_marker_is_not_sensitive[keyboard]" time="0.000" /><testcase classname="tests.unit.modules.payment.test_providers" name="test_every_sensitive_value_is_replaced_and_kept_as_a_key" time="0.000" /><testcase classname="tests.unit.modules.payment.test_providers" name="test_a_benign_field_survives_the_filter" time="0.001" /><testcase classname="tests.unit.modules.payment.test_providers" name="test_a_nested_list_of_dicts_secret_does_not_survive" time="0.001" /><testcase classname="tests.unit.modules.payment.test_providers" name="test_the_input_is_not_mutated" time="0.001" /><testcase classname="tests.unit.modules.payment.test_providers" name="test_scalars_and_empty_containers_survive_unchanged" time="0.001" /><testcase classname="tests.unit.modules.payment.test_providers" name="test_a_string_value_under_a_list_is_not_exploded_into_characters" time="0.000" /><testcase classname="tests.unit.modules.payment.test_providers" name="test_an_absurdly_nested_payload_is_replaced_rather_than_walked_forever" time="0.000" /><testcase classname="tests.unit.modules.payment.test_providers" name="test_sign_body_is_hmac_sha256_over_timestamp_dot_body_in_hex" time="0.000" /><testcase classname="tests.unit.modules.payment.test_providers" name="test_a_correctly_signed_fresh_callback_verifies" time="0.000" /><testcase classname="tests.unit.modules.payment.test_providers" name="test_a_wrong_secret_is_refused" time="0.000" /><testcase classname="tests.unit.modules.payment.test_providers" name="test_a_tampered_body_is_refused" time="0.000" /><testcase classname="tests.unit.modules.payment.test_providers" name="test_signature_over_a_stale_timestamp_is_refused" time="0.000" /><testcase classname="tests.unit.modules.payment.test_providers" name="test_a_timestamp_inside_the_window_is_accepted_on_both_sides_of_now" time="0.000" /><testcase classname="tests.unit.modules.payment.test_providers" name="test_a_future_timestamp_outside_the_window_is_refused" time="0.000" /><testcase classname="tests.unit.modules.payment.test_providers" name="test_a_timestamp_the_verifier_cannot_read_is_refused[]" time="0.000" /><testcase classname="tests.unit.modules.payment.test_providers" name="test_a_timestamp_the_verifier_cannot_read_is_refused[  ]" time="0.001" /><testcase classname="tests.unit.modules.payment.test_providers" name="test_a_timestamp_the_verifier_cannot_read_is_refused[abc]" time="0.001" /><testcase classname="tests.unit.modules.payment.test_providers" name="test_a_timestamp_the_verifier_cannot_read_is_refused[1790000000.5]" time="0.000" /><testcase classname="tests.unit.modules.payment.test_providers" name="test_a_timestamp_the_verifier_cannot_read_is_refused[1e9]" time="0.000" /><testcase classname="tests.unit.modules.payment.test_providers" name="test_a_timestamp_the_verifier_cannot_read_is_refused[null]" time="0.000" /><testcase classname="tests.unit.modules.payment.test_providers" name="test_a_missing_header_is_refused[-evt-1-1790000000-abc]" time="0.001" /><testcase classname="tests.unit.modules.payment.test_providers" name="test_a_missing_header_is_refused[MOCK--1790000000-abc]" time="0.001" /><testcase classname="tests.unit.modules.payment.test_providers" name="test_a_missing_header_is_refused[MOCK-evt-1--abc]" time="0.002" /><testcase classname="tests.unit.modules.payment.test_providers" name="test_a_missing_header_is_refused[MOCK-evt-1-1790000000-]" time="0.001" /><testcase classname="tests.unit.modules.payment.test_providers" name="test_no_configured_secret_refuses_rather_than_skipping_verification[None]" time="0.001" /><testcase classname="tests.unit.modules.payment.test_providers" name="test_no_configured_secret_refuses_rather_than_skipping_verification[]" time="0.001" /><testcase classname="tests.unit.modules.payment.test_providers" name="test_the_verdict_carries_no_digest_and_no_secret" time="0.001" /><testcase classname="tests.unit.modules.payment.test_providers" name="test_verification_uses_the_raw_bytes_not_a_reserialised_payload" time="0.001" /><testcase classname="tests.unit.modules.payment.test_providers" name="test_an_empty_per_provider_map_falls_back_to_the_shared_secret" time="0.008" /><testcase classname="tests.unit.modules.payment.test_providers" name="test_a_per_provider_override_wins_and_is_case_insensitive_on_the_provider_name" time="0.008" /><testcase classname="tests.unit.modules.payment.test_providers" name="test_a_blank_override_refuses_rather_than_falling_back" time="0.008" /><testcase classname="tests.unit.modules.payment.test_providers" name="test_an_unknown_provider_name_has_no_secret" time="0.008" /><testcase classname="tests.unit.modules.payment.test_providers" name="test_an_integral_amount_is_read_as_minor_units[19900-19900_0]" time="0.001" /><testcase classname="tests.unit.modules.payment.test_providers" name="test_an_integral_amount_is_read_as_minor_units[19900-19900_1]" time="0.001" /><testcase classname="tests.unit.modules.payment.test_providers" name="test_an_integral_amount_is_read_as_minor_units[ 19900 -19900]" time="0.000" /><testcase classname="tests.unit.modules.payment.test_providers" name="test_an_integral_amount_is_read_as_minor_units[19900.0-19900]" time="0.074" /><testcase classname="tests.unit.modules.payment.test_providers" name="test_an_integral_amount_is_read_as_minor_units[19900.00-19900]" time="0.001" /><testcase classname="tests.unit.modules.payment.test_providers" name="test_an_integral_amount_is_read_as_minor_units[0-0]" time="0.000" /><testcase classname="tests.unit.modules.payment.test_providers" name="test_an_integral_amount_is_read_as_minor_units[-100--100]" time="0.000" /><testcase classname="tests.unit.modules.payment.test_providers" name="test_a_non_integral_or_unreadable_amount_is_refused_rather_than_rounded[None]" time="0.000" /><testcase classname="tests.unit.modules.payment.test_providers" name="test_a_non_integral_or_unreadable_amount_is_refused_rather_than_rounded[]" time="0.000" /><testcase classname="tests.unit.modules.payment.test_providers" name="test_a_non_integral_or_unreadable_amount_is_refused_rather_than_rounded[  ]" time="0.000" /><testcase classname="tests.unit.modules.payment.test_providers" name="test_a_non_integral_or_unreadable_amount_is_refused_rather_than_rounded[abc]" time="0.000" /><testcase classname="tests.unit.modules.payment.test_providers" name="test_a_non_integral_or_unreadable_amount_is_refused_rather_than_rounded[19900.5_0]" time="0.000" /><testcase classname="tests.unit.modules.payment.test_providers" name="test_a_non_integral_or_unreadable_amount_is_refused_rather_than_rounded[19900.5_1]" time="0.001" /><testcase classname="tests.unit.modules.payment.test_providers" name="test_a_non_integral_or_unreadable_amount_is_refused_rather_than_rounded[True]" time="0.000" /><testcase classname="tests.unit.modules.payment.test_providers" name="test_a_non_integral_or_unreadable_amount_is_refused_rather_than_rounded[False]" time="0.000" /><testcase classname="tests.unit.modules.payment.test_providers" name="test_a_non_integral_or_unreadable_amount_is_refused_rather_than_rounded[raw8]" time="0.000" /><testcase classname="tests.unit.modules.payment.test_providers" name="test_a_non_integral_or_unreadable_amount_is_refused_rather_than_rounded[raw9]" time="0.000" /><testcase classname="tests.unit.modules.payment.test_providers" name="test_sensitive_keys_is_the_normalised_frozen_set" time="0.000" /><testcase classname="tests.unit.modules.payment.test_schemas" name="test_the_frozen_create_request_parses" time="0.000" /><testcase classname="tests.unit.modules.payment.test_schemas" name="test_a_client_cannot_name_its_own_amount_or_any_server_owned_field[amount]" time="0.000" /><testcase classname="tests.unit.modules.payment.test_schemas" name="test_a_client_cannot_name_its_own_amount_or_any_server_owned_field[paid_amount]" time="0.000" /><testcase classname="tests.unit.modules.payment.test_schemas" name="test_a_client_cannot_name_its_own_amount_or_any_server_owned_field[refunded_amount]" time="0.000" /><testcase classname="tests.unit.modules.payment.test_schemas" name="test_a_client_cannot_name_its_own_amount_or_any_server_owned_field[status]" time="0.000" /><testcase classname="tests.unit.modules.payment.test_schemas" name="test_a_client_cannot_name_its_own_amount_or_any_server_owned_field[external_transaction_no]" time="0.000" /><testcase classname="tests.unit.modules.payment.test_schemas" name="test_a_client_cannot_name_its_own_amount_or_any_server_owned_field[transaction_no]" time="0.000" /><testcase classname="tests.unit.modules.payment.test_schemas" name="test_a_client_cannot_name_its_own_amount_or_any_server_owned_field[merchant_id]" time="0.000" /><testcase classname="tests.unit.modules.payment.test_schemas" name="test_a_client_cannot_name_its_own_amount_or_any_server_owned_field[user_id]" time="0.000" /><testcase classname="tests.unit.modules.payment.test_schemas" name="test_a_client_cannot_name_its_own_amount_or_any_server_owned_field[payment_no]" time="0.000" /><testcase classname="tests.unit.modules.payment.test_schemas" name="test_a_client_cannot_name_its_own_amount_or_any_server_owned_field[idempotency_key]" time="0.000" /><testcase classname="tests.unit.modules.payment.test_schemas" name="test_a_client_cannot_name_its_own_amount_or_any_server_owned_field[request_hash]" time="0.000" /><testcase classname="tests.unit.modules.payment.test_schemas" name="test_a_client_cannot_name_its_own_amount_or_any_server_owned_field[pay_url]" time="0.000" /><testcase classname="tests.unit.modules.payment.test_schemas" name="test_the_amount_is_not_even_a_field_on_the_request_model" time="0.000" /><testcase classname="tests.unit.modules.payment.test_schemas" name="test_every_frozen_channel_parses[MOCK]" time="0.000" /><testcase classname="tests.unit.modules.payment.test_schemas" name="test_every_frozen_channel_parses[ALIPAY]" time="0.000" /><testcase classname="tests.unit.modules.payment.test_schemas" name="test_every_frozen_channel_parses[WECHAT]" time="0.000" /><testcase classname="tests.unit.modules.payment.test_schemas" name="test_a_channel_outside_the_frozen_vocabulary_is_rejected[PAYPAL]" time="0.000" /><testcase classname="tests.unit.modules.payment.test_schemas" name="test_a_channel_outside_the_frozen_vocabulary_is_rejected[mock]" time="0.000" /><testcase classname="tests.unit.modules.payment.test_schemas" name="test_a_channel_outside_the_frozen_vocabulary_is_rejected[]" time="0.000" /><testcase classname="tests.unit.modules.payment.test_schemas" name="test_a_channel_outside_the_frozen_vocabulary_is_rejected[CASH]" time="0.000" /><testcase classname="tests.unit.modules.payment.test_schemas" name="test_a_blank_identifier_is_refused[order_no]" time="0.000" /><testcase classname="tests.unit.modules.payment.test_schemas" name="test_a_blank_identifier_is_refused[client_request_id]" time="0.000" /><testcase classname="tests.unit.modules.payment.test_schemas" name="test_identifiers_are_stripped" time="0.000" /><testcase classname="tests.unit.modules.payment.test_schemas" name="test_the_mock_body_accepts_only_its_documented_fields" time="0.001" /><testcase classname="tests.unit.modules.payment.test_schemas" name="test_the_mock_body_is_optional_and_empty_by_default" time="0.000" /><testcase classname="tests.unit.modules.payment.test_schemas" name="test_the_frozen_payment_shape_round_trips" time="0.000" /><testcase classname="tests.unit.modules.payment.test_schemas" name="test_timestamps_are_iso8601_utc_with_three_fractional_digits" time="0.000" /><testcase classname="tests.unit.modules.payment.test_schemas" name="test_a_naive_timestamp_is_normalised_not_rejected" time="0.000" /><testcase classname="tests.unit.modules.payment.test_schemas" name="test_an_unknown_status_is_refused_rather_than_emitted" time="0.000" /><testcase classname="tests.unit.modules.payment.test_schemas" name="test_an_unknown_channel_is_refused_rather_than_emitted" time="0.000" /><testcase classname="tests.unit.modules.payment.test_schemas" name="test_every_payment_record_status_is_representable" time="0.000" /><testcase classname="tests.unit.modules.payment.test_schemas" name="test_the_create_response_carries_the_replay_flag_and_the_order_axis" time="0.000" /><testcase classname="tests.unit.modules.payment.test_schemas" name="test_a_callback_acknowledgement_leaks_nothing_about_the_order" time="0.000" /><testcase classname="tests.unit.modules.payment.test_schemas" name="test_the_duplicate_acknowledgement_is_marked_as_both_processed_and_duplicate" time="0.000" /><testcase classname="tests.unit.modules.payment.test_schemas" name="test_the_create_request_has_no_default_for_the_order_or_the_channel" time="0.000" /><testcase classname="tests.unit.modules.payment.test_serializers" name="test_the_frozen_shape_is_produced_field_for_field" time="0.001" /><testcase classname="tests.unit.modules.payment.test_serializers" name="test_the_column_name_is_kept_on_the_wire" time="0.000" /><testcase classname="tests.unit.modules.payment.test_serializers" name="test_pay_url_is_absent_for_a_real_provider[ALIPAY]" time="0.000" /><testcase classname="tests.unit.modules.payment.test_serializers" name="test_pay_url_is_absent_for_a_real_provider[WECHAT]" time="0.001" /><testcase classname="tests.unit.modules.payment.test_serializers" name="test_pay_url_is_present_only_for_the_mock_channel" time="0.000" /><testcase classname="tests.unit.modules.payment.test_serializers" name="test_refundable_amount_is_read_from_the_model_not_recomputed" time="0.000" /><testcase classname="tests.unit.modules.payment.test_serializers" name="test_a_fully_refunded_payment_reports_zero_refundable" time="0.000" /><testcase classname="tests.unit.modules.payment.test_serializers" name="test_the_create_projection_carries_the_replay_flag_and_the_order_axis" time="0.001" /><testcase classname="tests.unit.modules.payment.test_serializers" name="test_a_list_projection_preserves_the_repository_order" time="0.000" /><testcase classname="tests.unit.modules.payment.test_serializers" name="test_an_empty_page_is_an_empty_list_not_none" time="0.000" /><testcase classname="tests.unit.modules.payment.test_serializers" name="test_the_callback_acknowledgement_accepts_no_row_and_no_dict" time="0.000" /><testcase classname="tests.unit.modules.payment.test_serializers" name="test_the_acknowledgement_exposes_none_of_the_order_s_figures" time="0.000" /><testcase classname="tests.unit.modules.payment.test_serializers" name="test_the_redaction_marker_the_provider_module_uses_is_the_frozen_one" time="0.000" /><testcase classname="tests.unit.modules.pricing.test_allocation" name="test_allocations_match_the_frozen_rule[weights0-100-expected0]" time="0.001" /><testcase classname="tests.unit.modules.pricing.test_allocation" name="test_allocations_match_the_frozen_rule[weights1-1-expected1]" time="0.001" /><testcase classname="tests.unit.modules.pricing.test_allocation" name="test_allocations_match_the_frozen_rule[weights2-5-expected2]" time="0.000" /><testcase classname="tests.unit.modules.pricing.test_allocation" name="test_allocations_match_the_frozen_rule[weights3-0-expected3]" time="0.000" /><testcase classname="tests.unit.modules.pricing.test_allocation" name="test_allocations_match_the_frozen_rule[weights4-7-expected4]" time="0.001" /><testcase classname="tests.unit.modules.pricing.test_allocation" name="test_allocations_match_the_frozen_rule[weights5-12-expected5]" time="0.000" /><testcase classname="tests.unit.modules.pricing.test_allocation" name="test_allocations_match_the_frozen_rule[weights6-5-expected6]" time="0.000" /><testcase classname="tests.unit.modules.pricing.test_allocation" name="test_allocations_match_the_frozen_rule[weights7-1-expected7]" time="0.000" /><testcase classname="tests.unit.modules.pricing.test_allocation" name="test_allocations_match_the_frozen_rule[weights8-1-expected8]" time="0.001" /><testcase classname="tests.unit.modules.pricing.test_allocation" name="test_allocations_match_the_frozen_rule[weights9-1-expected9]" time="0.000" /><testcase classname="tests.unit.modules.pricing.test_allocation" name="test_allocations_match_the_frozen_rule[weights10-1-expected10]" time="0.000" /><testcase classname="tests.unit.modules.pricing.test_allocation" name="test_allocations_match_the_frozen_rule[weights11-1-expected11]" time="0.000" /><testcase classname="tests.unit.modules.pricing.test_allocation" name="test_allocations_match_the_frozen_rule[weights12-6-expected12]" time="0.000" /><testcase classname="tests.unit.modules.pricing.test_allocation" name="test_allocations_match_the_frozen_rule[weights13-1-expected13]" time="0.001" /><testcase classname="tests.unit.modules.pricing.test_allocation" name="test_allocations_match_the_frozen_rule[weights14-17-expected14]" time="0.001" /><testcase classname="tests.unit.modules.pricing.test_allocation" name="test_allocations_match_the_frozen_rule[weights15-500-expected15]" time="0.001" /><testcase classname="tests.unit.modules.pricing.test_allocation" name="test_allocations_match_the_frozen_rule[weights16-2-expected16]" time="0.001" /><testcase classname="tests.unit.modules.pricing.test_allocation" name="test_every_case_sums_exactly[weights0-100-expected0]" time="0.001" /><testcase classname="tests.unit.modules.pricing.test_allocation" name="test_every_case_sums_exactly[weights1-1-expected1]" time="0.001" /><testcase classname="tests.unit.modules.pricing.test_allocation" name="test_every_case_sums_exactly[weights2-5-expected2]" time="0.000" /><testcase classname="tests.unit.modules.pricing.test_allocation" name="test_every_case_sums_exactly[weights3-0-expected3]" time="0.000" /><testcase classname="tests.unit.modules.pricing.test_allocation" name="test_every_case_sums_exactly[weights4-7-expected4]" time="0.000" /><testcase classname="tests.unit.modules.pricing.test_allocation" name="test_every_case_sums_exactly[weights5-12-expected5]" time="0.001" /><testcase classname="tests.unit.modules.pricing.test_allocation" name="test_every_case_sums_exactly[weights6-5-expected6]" time="0.000" /><testcase classname="tests.unit.modules.pricing.test_allocation" name="test_every_case_sums_exactly[weights7-1-expected7]" time="0.000" /><testcase classname="tests.unit.modules.pricing.test_allocation" name="test_every_case_sums_exactly[weights8-1-expected8]" time="0.000" /><testcase classname="tests.unit.modules.pricing.test_allocation" name="test_every_case_sums_exactly[weights9-1-expected9]" time="0.000" /><testcase classname="tests.unit.modules.pricing.test_allocation" name="test_every_case_sums_exactly[weights10-1-expected10]" time="0.001" /><testcase classname="tests.unit.modules.pricing.test_allocation" name="test_every_case_sums_exactly[weights11-1-expected11]" time="0.000" /><testcase classname="tests.unit.modules.pricing.test_allocation" name="test_every_case_sums_exactly[weights12-6-expected12]" time="0.000" /><testcase classname="tests.unit.modules.pricing.test_allocation" name="test_every_case_sums_exactly[weights13-1-expected13]" time="0.000" /><testcase classname="tests.unit.modules.pricing.test_allocation" name="test_every_case_sums_exactly[weights14-17-expected14]" time="0.001" /><testcase classname="tests.unit.modules.pricing.test_allocation" name="test_every_case_sums_exactly[weights15-500-expected15]" time="0.000" /><testcase classname="tests.unit.modules.pricing.test_allocation" name="test_every_case_sums_exactly[weights16-2-expected16]" time="0.000" /><testcase classname="tests.unit.modules.pricing.test_allocation" name="test_zero_total_is_all_zeros" time="0.000" /><testcase classname="tests.unit.modules.pricing.test_allocation" name="test_many_small_lines_do_not_overdraw_the_last_one" time="0.000" /><testcase classname="tests.unit.modules.pricing.test_allocation" name="test_remainder_goes_to_the_last_eligible_line_not_the_last_line" time="0.000" /><testcase classname="tests.unit.modules.pricing.test_allocation" name="test_allocation_never_exceeds_its_weight_exhaustively" time="0.004" /><testcase classname="tests.unit.modules.pricing.test_allocation" name="test_allocation_is_deterministic" time="0.000" /><testcase classname="tests.unit.modules.pricing.test_allocation" name="test_full_weight_total_is_identity" time="0.000" /><testcase classname="tests.unit.modules.pricing.test_allocation" name="test_total_above_the_weight_sum_is_a_proportional_split" time="0.000" /><testcase classname="tests.unit.modules.pricing.test_allocation" name="test_negative_total_is_refused" time="0.001" /><testcase classname="tests.unit.modules.pricing.test_allocation" name="test_positive_total_with_no_weights_is_refused" time="0.000" /><testcase classname="tests.unit.modules.pricing.test_allocation" name="test_positive_total_with_all_zero_weights_is_refused" time="0.000" /><testcase classname="tests.unit.modules.pricing.test_allocation" name="test_negative_weight_is_refused" time="0.000" /><testcase classname="tests.unit.modules.pricing.test_allocation" name="test_non_integer_total_is_refused[1.0]" time="0.001" /><testcase classname="tests.unit.modules.pricing.test_allocation" name="test_non_integer_total_is_refused[1]" time="0.000" /><testcase classname="tests.unit.modules.pricing.test_allocation" name="test_non_integer_total_is_refused[None]" time="0.000" /><testcase classname="tests.unit.modules.pricing.test_allocation" name="test_non_integer_total_is_refused[True]" time="0.001" /><testcase classname="tests.unit.modules.pricing.test_allocation" name="test_non_integer_weight_is_refused[1.0]" time="0.001" /><testcase classname="tests.unit.modules.pricing.test_allocation" name="test_non_integer_weight_is_refused[1]" time="0.000" /><testcase classname="tests.unit.modules.pricing.test_allocation" name="test_non_integer_weight_is_refused[None]" time="0.000" /><testcase classname="tests.unit.modules.pricing.test_allocation" name="test_non_integer_weight_is_refused[True]" time="0.001" /><testcase classname="tests.unit.modules.pricing.test_inv006_exactness" name="test_inv006_holds_across_every_combination" time="0.049" /><testcase classname="tests.unit.modules.pricing.test_inv006_exactness" name="test_hundred_unit_lines_with_a_coarse_coupon[1]" time="0.001" /><testcase classname="tests.unit.modules.pricing.test_inv006_exactness" name="test_hundred_unit_lines_with_a_coarse_coupon[2]" time="0.001" /><testcase classname="tests.unit.modules.pricing.test_inv006_exactness" name="test_hundred_unit_lines_with_a_coarse_coupon[3]" time="0.001" /><testcase classname="tests.unit.modules.pricing.test_inv006_exactness" name="test_hundred_unit_lines_with_a_coarse_coupon[4]" time="0.002" /><testcase classname="tests.unit.modules.pricing.test_inv006_exactness" name="test_hundred_unit_lines_with_a_coarse_coupon[5]" time="0.001" /><testcase classname="tests.unit.modules.pricing.test_inv006_exactness" name="test_hundred_unit_lines_with_a_coarse_coupon[6]" time="0.001" /><testcase classname="tests.unit.modules.pricing.test_inv006_exactness" name="test_hundred_unit_lines_with_a_coarse_coupon[7]" time="0.001" /><testcase classname="tests.unit.modules.pricing.test_inv006_exactness" name="test_hundred_unit_lines_with_a_coarse_coupon[8]" time="0.002" /><testcase classname="tests.unit.modules.pricing.test_inv006_exactness" name="test_hundred_unit_lines_with_a_coarse_coupon[9]" time="0.001" /><testcase classname="tests.unit.modules.pricing.test_inv006_exactness" name="test_hundred_unit_lines_with_a_coarse_coupon[10]" time="0.001" /><testcase classname="tests.unit.modules.pricing.test_inv006_exactness" name="test_hundred_unit_lines_with_a_coarse_coupon[11]" time="0.001" /><testcase classname="tests.unit.modules.pricing.test_inv006_exactness" name="test_hundred_unit_lines_with_a_coarse_coupon[12]" time="0.001" /><testcase classname="tests.unit.modules.pricing.test_inv006_exactness" name="test_hundred_unit_lines_with_a_coarse_coupon[13]" time="0.001" /><testcase classname="tests.unit.modules.pricing.test_inv006_exactness" name="test_hundred_unit_lines_with_a_coarse_coupon[14]" time="0.002" /><testcase classname="tests.unit.modules.pricing.test_inv006_exactness" name="test_hundred_unit_lines_with_a_coarse_coupon[15]" time="0.001" /><testcase classname="tests.unit.modules.pricing.test_inv006_exactness" name="test_hundred_unit_lines_with_a_coarse_coupon[16]" time="0.002" /><testcase classname="tests.unit.modules.pricing.test_inv006_exactness" name="test_hundred_unit_lines_with_a_coarse_coupon[17]" time="0.001" /><testcase classname="tests.unit.modules.pricing.test_inv006_exactness" name="test_hundred_unit_lines_with_a_coarse_coupon[18]" time="0.001" /><testcase classname="tests.unit.modules.pricing.test_inv006_exactness" name="test_hundred_unit_lines_with_a_coarse_coupon[19]" time="0.001" /><testcase classname="tests.unit.modules.pricing.test_inv006_exactness" name="test_hundred_unit_lines_with_a_coarse_coupon[20]" time="0.001" /><testcase classname="tests.unit.modules.pricing.test_inv006_exactness" name="test_hundred_unit_lines_with_a_coarse_coupon[21]" time="0.002" /><testcase classname="tests.unit.modules.pricing.test_inv006_exactness" name="test_hundred_unit_lines_with_a_coarse_coupon[22]" time="0.002" /><testcase classname="tests.unit.modules.pricing.test_inv006_exactness" name="test_hundred_unit_lines_with_a_coarse_coupon[23]" time="0.002" /><testcase classname="tests.unit.modules.pricing.test_inv006_exactness" name="test_hundred_unit_lines_with_a_coarse_coupon[24]" time="0.002" /><testcase classname="tests.unit.modules.pricing.test_inv006_exactness" name="test_hundred_unit_lines_with_a_coarse_coupon[25]" time="0.001" /><testcase classname="tests.unit.modules.pricing.test_inv006_exactness" name="test_hundred_unit_lines_with_a_coarse_coupon[26]" time="0.001" /><testcase classname="tests.unit.modules.pricing.test_inv006_exactness" name="test_hundred_unit_lines_with_a_coarse_coupon[27]" time="0.001" /><testcase classname="tests.unit.modules.pricing.test_inv006_exactness" name="test_hundred_unit_lines_with_a_coarse_coupon[28]" time="0.001" /><testcase classname="tests.unit.modules.pricing.test_inv006_exactness" name="test_hundred_unit_lines_with_a_coarse_coupon[29]" time="0.001" /><testcase classname="tests.unit.modules.pricing.test_inv006_exactness" name="test_hundred_unit_lines_with_a_coarse_coupon[30]" time="0.001" /><testcase classname="tests.unit.modules.pricing.test_inv006_exactness" name="test_hundred_unit_lines_with_a_coarse_coupon[31]" time="0.001" /><testcase classname="tests.unit.modules.pricing.test_inv006_exactness" name="test_hundred_unit_lines_with_a_coarse_coupon[32]" time="0.001" /><testcase classname="tests.unit.modules.pricing.test_inv006_exactness" name="test_hundred_unit_lines_with_a_coarse_coupon[33]" time="0.001" /><testcase classname="tests.unit.modules.pricing.test_inv006_exactness" name="test_hundred_unit_lines_with_a_coarse_coupon[34]" time="0.001" /><testcase classname="tests.unit.modules.pricing.test_inv006_exactness" name="test_hundred_unit_lines_with_a_coarse_coupon[35]" time="0.001" /><testcase classname="tests.unit.modules.pricing.test_inv006_exactness" name="test_hundred_unit_lines_with_a_coarse_coupon[36]" time="0.001" /><testcase classname="tests.unit.modules.pricing.test_inv006_exactness" name="test_hundred_unit_lines_with_a_coarse_coupon[37]" time="0.001" /><testcase classname="tests.unit.modules.pricing.test_inv006_exactness" name="test_hundred_unit_lines_with_a_coarse_coupon[38]" time="0.001" /><testcase classname="tests.unit.modules.pricing.test_inv006_exactness" name="test_hundred_unit_lines_with_a_coarse_coupon[39]" time="0.001" /><testcase classname="tests.unit.modules.pricing.test_inv006_exactness" name="test_hundred_unit_lines_with_a_coarse_coupon[40]" time="0.001" /><testcase classname="tests.unit.modules.pricing.test_inv006_exactness" name="test_hundred_unit_lines_with_a_coarse_coupon[41]" time="0.001" /><testcase classname="tests.unit.modules.pricing.test_inv006_exactness" name="test_hundred_unit_lines_with_a_coarse_coupon[42]" time="0.001" /><testcase classname="tests.unit.modules.pricing.test_inv006_exactness" name="test_hundred_unit_lines_with_a_coarse_coupon[43]" time="0.001" /><testcase classname="tests.unit.modules.pricing.test_inv006_exactness" name="test_hundred_unit_lines_with_a_coarse_coupon[44]" time="0.001" /><testcase classname="tests.unit.modules.pricing.test_inv006_exactness" name="test_hundred_unit_lines_with_a_coarse_coupon[45]" time="0.001" /><testcase classname="tests.unit.modules.pricing.test_inv006_exactness" name="test_hundred_unit_lines_with_a_coarse_coupon[46]" time="0.001" /><testcase classname="tests.unit.modules.pricing.test_inv006_exactness" name="test_hundred_unit_lines_with_a_coarse_coupon[47]" time="0.001" /><testcase classname="tests.unit.modules.pricing.test_inv006_exactness" name="test_hundred_unit_lines_with_a_coarse_coupon
[...]
on_line_is_refused" time="0.000" /><testcase classname="tests.unit.modules.pricing.test_refusals" name="test_a_priced_line_is_still_usable_after_normalisation" time="0.000" /><testcase classname="tests.unit.modules.pricing.test_service" name="test_item_price_is_unit_price_times_quantity" time="0.000" /><testcase classname="tests.unit.modules.pricing.test_service" name="test_item_price_multiplies_quantity" time="0.000" /><testcase classname="tests.unit.modules.pricing.test_service" name="test_zero_priced_line_is_allowed" time="0.000" /><testcase classname="tests.unit.modules.pricing.test_service" name="test_non_positive_quantity_is_refused[0]" time="0.001" /><testcase classname="tests.unit.modules.pricing.test_service" name="test_non_positive_quantity_is_refused[-1]" time="0.000" /><testcase classname="tests.unit.modules.pricing.test_service" name="test_non_positive_quantity_is_refused[-100]" time="0.000" /><testcase classname="tests.unit.modules.pricing.test_service" name="test_negative_unit_price_is_refused" time="0.000" /><testcase classname="tests.unit.modules.pricing.test_service" name="test_non_integer_money_is_refused[19.99]" time="0.000" /><testcase classname="tests.unit.modules.pricing.test_service" name="test_non_integer_money_is_refused[0.1]" time="0.000" /><testcase classname="tests.unit.modules.pricing.test_service" name="test_non_integer_money_is_refused[1000]" time="0.000" /><testcase classname="tests.unit.modules.pricing.test_service" name="test_non_integer_money_is_refused[None]" time="0.000" /><testcase classname="tests.unit.modules.pricing.test_service" name="test_non_integer_money_is_refused[True]" time="0.000" /><testcase classname="tests.unit.modules.pricing.test_service" name="test_exact_decimal_money_is_normalised_to_minor_units" time="0.001" /><testcase classname="tests.unit.modules.pricing.test_service" name="test_sub_cent_money_is_refused" time="0.001" /><testcase classname="tests.unit.modules.pricing.test_service" name="test_duplicate_skus_are_merged_and_quantities_summed" time="0.000" /><testcase classname="tests.unit.modules.pricing.test_service" name="test_merge_keeps_first_appearance_order" time="0.000" /><testcase classname="tests.unit.modules.pricing.test_service" name="test_duplicate_skus_with_different_prices_are_refused" time="0.000" /><testcase classname="tests.unit.modules.pricing.test_service" name="test_duplicate_skus_with_different_names_are_refused" time="0.001" /><testcase classname="tests.unit.modules.pricing.test_service" name="test_direct_discount_applies_per_unit" time="0.000" /><testcase classname="tests.unit.modules.pricing.test_service" name="test_direct_discount_per_unit_times_quantity" time="0.000" /><testcase classname="tests.unit.modules.pricing.test_service" name="test_direct_discount_is_capped_by_the_eligible_amount" time="0.000" /><testcase classname="tests.unit.modules.pricing.test_service" name="test_direct_discount_ignores_max_discount_amount" time="0.000" /><testcase classname="tests.unit.modules.pricing.test_service" name="test_promotion_scope_limits_the_eligible_lines" time="0.001" /><testcase classname="tests.unit.modules.pricing.test_service" name="test_promotion_scope_with_no_match_warns" time="0.000" /><testcase classname="tests.unit.modules.pricing.test_service" name="test_percent_discount_floors" time="0.000" /><testcase classname="tests.unit.modules.pricing.test_service" name="test_percent_discount_max_cap" time="0.000" /><testcase classname="tests.unit.modules.pricing.test_service" name="test_percent_discount_of_100_percent_takes_the_whole_amount" time="0.000" /><testcase classname="tests.unit.modules.pricing.test_service" name="test_out_of_range_rate_is_refused[10001]" time="0.001" /><testcase classname="tests.unit.modules.pricing.test_service" name="test_out_of_range_rate_is_refused[-1]" time="0.001" /><testcase classname="tests.unit.modules.pricing.test_service" name="test_out_of_range_rate_is_refused[100000]" time="0.000" /><testcase classname="tests.unit.modules.pricing.test_service" name="test_percent_discount_allocates_without_losing_a_cent" time="0.000" /><testcase classname="tests.unit.modules.pricing.test_service" name="test_full_reduction_applies_at_the_threshold" time="0.000" /><testcase classname="tests.unit.modules.pricing.test_service" name="test_full_reduction_below_the_threshold_does_nothing_and_warns" time="0.000" /><testcase classname="tests.unit.modules.pricing.test_service" name="test_full_reduction_threshold_uses_the_eligible_scope_only" time="0.000" /><testcase classname="tests.unit.modules.pricing.test_service" name="test_full_reduction_caps_at_the_eligible_amount" time="0.000" /><testcase classname="tests.unit.modules.pricing.test_service" name="test_full_reduction_respects_its_max_cap" time="0.000" /><testcase classname="tests.unit.modules.pricing.test_service" name="test_promotion_type_accepts_its_wire_string" time="0.000" /><testcase classname="tests.unit.modules.pricing.test_service" name="test_unknown_promotion_type_is_refused" time="0.000" /><testcase classname="tests.unit.modules.pricing.test_service" name="test_negative_discount_amount_is_refused" time="0.000" /><testcase classname="tests.unit.modules.pricing.test_service" name="test_applying_a_promotion_replaces_the_previous_one" time="0.000" /><testcase classname="tests.unit.modules.pricing.test_service" name="test_replacing_a_promotion_clears_the_stale_warning" time="0.000" /><testcase classname="tests.unit.modules.pricing.test_service" name="test_fixed_coupon" time="0.000" /><testcase classname="tests.unit.modules.pricing.test_service" name="test_fixed_coupon_is_capped_by_the_cart" time="0.000" /><testcase classname="tests.unit.modules.pricing.test_service" name="test_coupon_below_its_threshold_does_nothing_and_warns" time="0.001" /><testcase classname="tests.unit.modules.pricing.test_service" name="test_coupon_threshold_is_measured_before_the_promotion" time="0.000" /><testcase classname="tests.unit.modules.pricing.test_service" name="test_coupon_applies_after_the_promotion" time="0.000" /><testcase classname="tests.unit.modules.pricing.test_service" name="test_percent_coupon_uses_what_the_promotion_left" time="0.000" /><testcase classname="tests.unit.modules.pricing.test_service" name="test_coupon_is_capped_by_what_the_promotion_left" time="0.000" /><testcase classname="tests.unit.modules.pricing.test_service" name="test_percent_coupon_respects_its_max_cap" time="0.000" /><testcase classname="tests.unit.modules.pricing.test_service" name="test_coupon_scope_limits_the_eligible_lines" time="0.000" /><testcase classname="tests.unit.modules.pricing.test_service" name="test_coupon_with_no_eligible_line_warns" time="0.000" /><testcase classname="tests.unit.modules.pricing.test_service" name="test_coupon_against_fully_discounted_lines_warns_and_consumes_nothing" time="0.000" /><testcase classname="tests.unit.modules.pricing.test_service" name="test_promotion_warning_survives_a_coupon" time="0.000" /><testcase classname="tests.unit.modules.pricing.test_service" name="test_applying_a_promotion_that_overdraws_an_existing_coupon_is_refused" time="0.001" /><testcase classname="tests.unit.modules.pricing.test_service" name="test_warnings_are_plain_strings_for_the_wire" time="0.000" /><testcase classname="tests.unit.modules.pricing.test_service" name="test_no_rules_means_no_warnings" time="0.000" /><testcase classname="tests.unit.modules.pricing.test_service" name="test_shipping_is_free_by_default" time="0.000" /><testcase classname="tests.unit.modules.pricing.test_service" name="test_explicit_free_policy_is_free" time="0.000" /><testcase classname="tests.unit.modules.pricing.test_service" name="test_non_zero_shipping_is_reported_by_the_cart" time="0.000" /><testcase classname="tests.unit.modules.pricing.test_service" name="test_non_zero_shipping_cannot_become_a_snapshot" time="0.000" /><testcase classname="tests.unit.modules.pricing.test_service" name="test_negative_shipping_is_refused" time="0.000" /><testcase classname="tests.unit.modules.pricing.test_service" name="test_non_integer_shipping_is_refused" time="0.000" /><testcase classname="tests.unit.modules.pricing.test_service" name="test_snapshot_carries_the_frozen_fields" time="0.000" /><testcase classname="tests.unit.modules.pricing.test_service" name="test_snapshot_labels_the_shipping_policy" time="0.000" /><testcase classname="tests.unit.modules.pricing.test_service" name="test_snapshot_per_item_lookups_match_the_cart" time="0.000" /><testcase classname="tests.unit.modules.pricing.test_service" name="test_snapshot_refuses_a_cart_whose_total_drifted" time="0.000" /><testcase classname="tests.unit.modules.pricing.test_service" name="test_snapshot_refuses_an_allocation_that_does_not_cover_every_line" time="0.000" /><testcase classname="tests.unit.modules.pricing.test_service" name="test_snapshot_refuses_a_negative_item_payable" time="0.000" /><testcase classname="tests.unit.modules.pricing.test_service" name="test_snapshot_refuses_allocations_that_do_not_sum_to_the_order_discount" time="0.000" /><testcase classname="tests.unit.modules.pricing.test_service" name="test_lookup_of_an_unknown_sku_is_refused" time="0.001" /><testcase classname="tests.unit.modules.pricing.test_service" name="test_empty_cart_prices_to_zero" time="0.000" /><testcase classname="tests.unit.modules.pricing.test_service" name="test_preview_item_amounts_match_the_contract_field_names" time="0.000" /><testcase classname="tests.unit.modules.pricing.test_service" name="test_cart_item_count_counts_units_not_lines" time="0.000" /><testcase classname="tests.unit.modules.pricing.test_service" name="test_item_price_dataclass_is_the_documented_shape" time="0.000" /><testcase classname="tests.unit.modules.pricing.test_value_objects" name="test_promotion_types_are_the_frozen_wire_values" time="0.000" /><testcase classname="tests.unit.modules.pricing.test_value_objects" name="test_coupon_types_are_the_frozen_wire_values" time="0.000" /><testcase classname="tests.unit.modules.pricing.test_value_objects" name="test_warning_codes_are_stable_strings" time="0.000" /><testcase classname="tests.unit.modules.pricing.test_value_objects" name="test_public_surface_is_the_frozen_set" time="0.000" /><testcase classname="tests.unit.modules.pricing.test_value_objects" name="test_service_is_importable_from_both_paths" time="0.000" /><testcase classname="tests.unit.modules.pricing.test_value_objects" name="test_pricing_error_is_never_a_wire_code" time="0.000" /><testcase classname="tests.unit.modules.pricing.test_value_objects" name="test_priced_lines_are_frozen" time="0.000" /><testcase classname="tests.unit.modules.pricing.test_value_objects" name="test_price_snapshot_is_frozen" time="0.000" /><testcase classname="tests.unit.modules.pricing.test_value_objects" name="test_value_objects_use_slots" time="0.000" /><testcase classname="tests.unit.modules.pricing.test_value_objects" name="test_value_objects_compare_by_value_and_hash" time="0.000" /><testcase classname="tests.unit.modules.pricing.test_value_objects" name="test_rule_scope_is_normalised_to_a_frozenset" time="0.000" /><testcase classname="tests.unit.modules.pricing.test_value_objects" name="test_null_scope_means_every_line" time="0.000" /><testcase classname="tests.unit.modules.pricing.test_value_objects" name="test_scoped_rule_covers_only_its_skus" time="0.000" /><testcase classname="tests.unit.modules.pricing.test_value_objects" name="test_scope_of_the_wrong_type_is_refused" time="0.000" /><testcase classname="tests.unit.modules.pricing.test_value_objects" name="test_cart_price_defaults" time="0.000" /><testcase classname="tests.unit.modules.pricing.test_value_objects" name="test_snapshot_shape_is_the_frozen_field_list" time="0.000" /><testcase classname="tests.unit.modules.pricing.test_value_objects" name="test_cart_price_shape_is_the_frozen_field_list" time="0.000" /><testcase classname="tests.unit.modules.pricing.test_value_objects" name="test_priced_line_shape_is_the_frozen_field_list" time="0.000" /><testcase classname="tests.unit.modules.pricing.test_value_objects" name="test_pricing_imports_nothing_but_itself_and_the_standard_library" time="0.008" /><testcase classname="tests.unit.modules.pricing.test_value_objects" name="test_pricing_module_files_are_the_frozen_list" time="0.001" /><testcase classname="tests.unit.shared.test_storage_port" name="test_unsafe_object_keys_are_rejected[../etc/passwd]" time="0.001" /><testcase classname="tests.unit.shared.test_storage_port" name="test_unsafe_object_keys_are_rejected[a/../../etc/passwd]" time="0.000" /><testcase classname="tests.unit.shared.test_storage_port" name="test_unsafe_object_keys_are_rejected[objects/../../secret]" time="0.000" /><testcase classname="tests.unit.shared.test_storage_port" name="test_unsafe_object_keys_are_rejected[/absolute/path]" time="0.000" /><testcase classname="tests.unit.shared.test_storage_port" name="test_unsafe_object_keys_are_rejected[C:/Windows/System32/config]" time="0.000" /><testcase classname="tests.unit.shared.test_storage_port" name="test_unsafe_object_keys_are_rejected[C:\\Windows\\win.ini]" time="0.000" /><testcase classname="tests.unit.shared.test_storage_port" name="test_unsafe_object_keys_are_rejected[objects/..%2f..%2fetc]" time="0.001" /><testcase classname="tests.unit.shared.test_storage_port" name="test_unsafe_object_keys_are_rejected[objects/%2e%2e/%2e%2e/etc]" time="0.000" /><testcase classname="tests.unit.shared.test_storage_port" name="test_unsafe_object_keys_are_rejected[objects/%252e%252e/etc]" time="0.000" /><testcase classname="tests.unit.shared.test_storage_port" name="test_unsafe_object_keys_are_rejected[objects//double]" time="0.000" /><testcase classname="tests.unit.shared.test_storage_port" name="test_unsafe_object_keys_are_rejected[objects/./dot]" time="0.000" /><testcase classname="tests.unit.shared.test_storage_port" name="test_unsafe_object_keys_are_rejected[]" time="0.000" /><testcase classname="tests.unit.shared.test_storage_port" name="test_unsafe_object_keys_are_rejected[aaaaaaaaaaaaaaaaaaaaaaaaaaaaaaaaaaaaaaaaaaaaaaaaaaaaaaaaaaaaaaaaaaaaaaaaaaaaaaaaaaaaaaaaaaaaaaaaaaaaaaaaaaaaaaaaaaaaaaaaaaaaaaaaaaaaaaaaaaaaaaaaaaaaaaaaaaaaaaaaaaaaaaaaaaaaaaaaaaaaaaaaaaaaaaaaaaaaaaaaaaaaaaaaaaaaaaaaaaaaaaaaaaaaaaaaaaaaaaaaaaaaaaaaaaaaaaaaaaaaaaaaaaaaaaaaaaaaaaaaaaaaaaaaaaaaaaaaaaaaaaaaaaaaaaaaaaaaaaaaaaaaaaaaaaaaaaaaaaaaaaaaaaaaaaaaaaaaaaaaaaaaaaaaaaaaaaaaaaaaaaaaaaaaaaaaaaaaaaaaaaaaaaaaaaaaaaaaaaaaaaaaaaaaaaaaaaaaaaaaaaaaaaaaaaaaaaaaaaaaaaaaaaaaaaaaaaaaaaaaaaaaaaaaaaaaaaaaaaaaaaaaaaaaaaaaaaaaaaaaaaaaaaaaaaaaaaaaaaaaaaaaaaaaaaaaaaaaaaaaaaaaaaaaaaaaaaaaaaaaaaaaaaaaaaaaaaaaaaaa]" time="0.000" /><testcase classname="tests.unit.shared.test_storage_port" name="test_unsafe_object_keys_are_rejected[objects/nul\x00byte]" time="0.000" /><testcase classname="tests.unit.shared.test_storage_port" name="test_unsafe_object_keys_are_rejected[~/home/secret]" time="0.000" /><testcase classname="tests.unit.shared.test_storage_port" name="test_safe_object_keys_are_accepted[products/1/hero.png]" time="0.000" /><testcase classname="tests.unit.shared.test_storage_port" name="test_safe_object_keys_are_accepted[knowledge/42/manual-v1.pdf]" time="0.000" /><testcase classname="tests.unit.shared.test_storage_port" name="test_safe_object_keys_are_accepted[reports/2026/09/sales.csv]" time="0.000" /><testcase classname="tests.unit.shared.test_storage_port" name="test_safe_object_keys_are_accepted[objects/a-b_c.d.txt]" time="0.000" /><testcase classname="tests.unit.shared.test_storage_port" name="test_filenames_are_reduced_to_a_single_safe_segment[../../etc/passwd-passwd]" time="0.000" /><testcase classname="tests.unit.shared.test_storage_port" name="test_filenames_are_reduced_to_a_single_safe_segment[..\\..\\win.ini-win.ini]" time="0.000" /><testcase classname="tests.unit.shared.test_storage_port" name="test_filenames_are_reduced_to_a_single_safe_segment[C:\\temp\\report.pdf-report.pdf]" time="0.000" /><testcase classname="tests.unit.shared.test_storage_port" name="test_filenames_are_reduced_to_a_single_safe_segment[/var/tmp/a b.png-a_b.png]" time="0.000" /><testcase classname="tests.unit.shared.test_storage_port" name="test_filenames_are_reduced_to_a_single_safe_segment[-upload]" time="0.000" /><testcase classname="tests.unit.shared.test_storage_port" name="test_filenames_are_reduced_to_a_single_safe_segment[..-upload]" time="0.000" /><testcase classname="tests.unit.shared.test_storage_port" name="test_filenames_are_reduced_to_a_single_safe_segment[.hidden-hidden]" time="0.000" /><testcase classname="tests.unit.shared.test_storage_port" name="test_filenames_are_reduced_to_a_single_safe_segment[\u65e5\u672c\u8a9e\u30de\u30cb\u30e5\u30a2\u30eb.pdf-\u65e5\u672c\u8a9e\u30de\u30cb\u30e5\u30a2\u30eb.pdf]" time="0.000" /><testcase classname="tests.unit.shared.test_storage_port" name="test_full_width_characters_cannot_smuggle_a_traversal" time="0.000" /><testcase classname="tests.unit.shared.test_storage_port" name="test_build_object_key_composes_safely" time="0.000" /><testcase classname="tests.unit.shared.test_storage_port" name="test_declared_type_must_be_on_the_allow_list" time="0.084" /><testcase classname="tests.unit.shared.test_storage_port" name="test_signature_must_agree_with_the_declaration" time="0.001" /><testcase classname="tests.unit.shared.test_storage_port" name="test_png_declared_as_jpeg_is_rejected" time="0.000" /><testcase classname="tests.unit.shared.test_storage_port" name="test_matching_signature_is_accepted" time="0.000" /><testcase classname="tests.unit.shared.test_storage_port" name="test_ooxml_zip_container_is_accepted_as_its_declared_type" time="0.000" /><testcase classname="tests.unit.shared.test_storage_port" name="test_oversized_upload_is_rejected_before_buffering" time="0.000" /><testcase classname="tests.unit.shared.test_storage_port" name="test_empty_upload_is_rejected" time="0.000" /><testcase classname="tests.unit.shared.test_storage_port" name="test_unknown_declared_type_falls_back_to_the_filename_extension" time="0.000" /><testcase classname="tests.unit.shared.test_storage_port" name="test_content_type_parameters_are_ignored" time="0.000" /><testcase classname="tests.unit.shared.test_storage_port" name="test_sniffing_recognises_the_supported_signatures" time="0.000" /><testcase classname="tests.unit.shared.test_storage_port" name="test_sha256_is_the_expected_digest" time="0.000" /><testcase classname="tests.unit.shared.test_storage_port" name="test_put_and_get_round_trip" time="0.010" /><testcase classname="tests.unit.shared.test_storage_port" name="test_missing_object_raises_rather_than_returning_empty" time="0.008" /><testcase classname="tests.unit.shared.test_storage_port" name="test_checksum_verification_detects_tampering" time="0.008" /><testcase classname="tests.unit.shared.test_storage_port" name="test_verify_checksum_raises_when_the_object_is_gone" time="0.008" /><testcase classname="tests.unit.shared.test_storage_port" name="test_traversal_is_blocked_at_the_write_boundary_too" time="0.008" /><testcase classname="tests.unit.shared.test_storage_port" name="test_write_to_an_uncreated_bucket_is_refused" time="0.008" /><testcase classname="tests.unit.shared.test_storage_port" name="test_presigned_url_for_a_missing_object_raises" time="0.008" /><testcase classname="tests.unit.shared.test_storage_port" name="test_oversized_write_is_refused_by_the_backend" time="0.008" /><testcase classname="tests.unit.shared.test_storage_port" name="test_storage_outage_is_distinguishable_from_a_missing_object" time="0.008" /><testcase classname="tests.unit.shared.test_storage_port" name="test_presigned_put_rejects_a_disallowed_type" time="0.008" /><testcase classname="tests.unit.test_client_fixture" name="test_the_shared_client_drives_the_real_asgi_app" time="0.103" /><testcase classname="tests.unit.test_client_fixture" name="test_the_shared_client_answers_on_the_versioned_prefix" time="0.075" /></testsuite></testsuites>